<?xml version="1.0" encoding="UTF-8"?>
<testsuite xmlns:xsi="http://www.w3.org/2001/XMLSchema-instance" xsi:noNamespaceSchemaLocation="https://maven.apache.org/surefire/maven-surefire-plugin/xsd/surefire-test-report-3.0.xsd" version="3.0" name="Mascotas.TestRunner" time="5.523" tests="4" errors="0" skipped="0" failures="0">
  <properties>
    <property name="java.specification.version" value="21"/>
    <property name="sun.cpu.isalist" value="amd64"/>
    <property name="sun.jnu.encoding" value="Cp1252"/>
    <property name="java.class.path" value="C:\Users\Leandro\eclipse-workspace\Karate\target\test-classes;C:\Users\Leandro\eclipse-workspace\Karate\target\classes;C:\Users\Leandro\.m2\repository\com\intuit\karate\karate-core\1.4.1\karate-core-1.4.1.jar;C:\Users\Leandro\.m2\repository\org\graalvm\js\js-scriptengine\22.3.3\js-scriptengine-22.3.3.jar;C:\Users\Leandro\.m2\repository\org\graalvm\sdk\graal-sdk\22.3.3\graal-sdk-22.3.3.jar;C:\Users\Leandro\.m2\repository\org\graalvm\js\js\22.3.3\js-22.3.3.jar;C:\Users\Leandro\.m2\repository\org\graalvm\regex\regex\22.3.3\regex-22.3.3.jar;C:\Users\Leandro\.m2\repository\org\graalvm\truffle\truffle-api\22.3.3\truffle-api-22.3.3.jar;C:\Users\Leandro\.m2\repository\com\ibm\icu\icu4j\71.1\icu4j-71.1.jar;C:\Users\Leandro\.m2\repository\org\thymeleaf\thymeleaf\3.1.2.RELEASE\thymeleaf-3.1.2.RELEASE.jar;C:\Users\Leandro\.m2\repository\ognl\ognl\3.3.4\ognl-3.3.4.jar;C:\Users\Leandro\.m2\repository\org\javassist\javassist\3.29.0-GA\javassist-3.29.0-GA.jar;C:\Users\Leandro\.m2\repository\org\attoparser\attoparser\2.0.7.RELEASE\attoparser-2.0.7.RELEASE.jar;C:\Users\Leandro\.m2\repository\org\unbescape\unbescape\1.1.6.RELEASE\unbescape-1.1.6.RELEASE.jar;C:\Users\Leandro\.m2\repository\org\slf4j\slf4j-api\2.0.7\slf4j-api-2.0.7.jar;C:\Users\Leandro\.m2\repository\com\linecorp\armeria\armeria\1.25.2\armeria-1.25.2.jar;C:\Users\Leandro\.m2\repository\com\fasterxml\jackson\core\jackson-core\2.15.2\jackson-core-2.15.2.jar;C:\Users\Leandro\.m2\repository\com\fasterxml\jackson\core\jackson-annotations\2.15.2\jackson-annotations-2.15.2.jar;C:\Users\Leandro\.m2\repository\com\fasterxml\jackson\core\jackson-databind\2.15.2\jackson-databind-2.15.2.jar;C:\Users\Leandro\.m2\repository\com\fasterxml\jackson\datatype\jackson-datatype-jdk8\2.15.2\jackson-datatype-jdk8-2.15.2.jar;C:\Users\Leandro\.m2\repository\com\fasterxml\jackson\datatype\jackson-datatype-jsr310\2.15.2\jackson-datatype-jsr310-2.15.2.jar;C:\Users\Leandro\.m2\repository\io\micrometer\micrometer-core\1.11.3\micrometer-core-1.11.3.jar;C:\Users\Leandro\.m2\repository\io\micrometer\micrometer-commons\1.11.3\micrometer-commons-1.11.3.jar;C:\Users\Leandro\.m2\repository\io\micrometer\micrometer-observation\1.11.3\micrometer-observation-1.11.3.jar;C:\Users\Leandro\.m2\repository\org\hdrhistogram\HdrHistogram\2.1.12\HdrHistogram-2.1.12.jar;C:\Users\Leandro\.m2\repository\org\latencyutils\LatencyUtils\2.0.3\LatencyUtils-2.0.3.jar;C:\Users\Leandro\.m2\repository\io\netty\netty-transport\4.1.96.Final\netty-transport-4.1.96.Final.jar;C:\Users\Leandro\.m2\repository\io\netty\netty-common\4.1.96.Final\netty-common-4.1.96.Final.jar;C:\Users\Leandro\.m2\repository\io\netty\netty-buffer\4.1.96.Final\netty-buffer-4.1.96.Final.jar;C:\Users\Leandro\.m2\repository\io\netty\netty-resolver\4.1.96.Final\netty-resolver-4.1.96.Final.jar;C:\Users\Leandro\.m2\repository\io\netty\netty-codec-haproxy\4.1.96.Final\netty-codec-haproxy-4.1.96.Final.jar;C:\Users\Leandro\.m2\repository\io\netty\netty-codec\4.1.96.Final\netty-codec-4.1.96.Final.jar;C:\Users\Leandro\.m2\repository\io\netty\netty-codec-http2\4.1.96.Final\netty-codec-http2-4.1.96.Final.jar;C:\Users\Leandro\.m2\repository\io\netty\netty-handler\4.1.96.Final\netty-handler-4.1.96.Final.jar;C:\Users\Leandro\.m2\repository\io\netty\netty-codec-http\4.1.96.Final\netty-codec-http-4.1.96.Final.jar;C:\Users\Leandro\.m2\repository\io\netty\netty-resolver-dns\4.1.96.Final\netty-resolver-dns-4.1.96.Final.jar;C:\Users\Leandro\.m2\repository\io\netty\netty-codec-dns\4.1.96.Final\netty-codec-dns-4.1.96.Final.jar;C:\Users\Leandro\.m2\repository\org\reactivestreams\reactive-streams\1.0.4\reactive-streams-1.0.4.jar;C:\Users\Leandro\.m2\repository\com\google\code\findbugs\jsr305\3.0.2\jsr305-3.0.2.jar;C:\Users\Leandro\.m2\repository\io\netty\netty-handler-proxy\4.1.96.Final\netty-handler-proxy-4.1.96.Final.jar;C:\Users\Leandro\.m2\repository\io\netty\netty-codec-socks\4.1.96.Final\netty-codec-socks-4.1.96.Final.jar;C:\Users\Leandro\.m2\repository\io\netty\netty-transport-native-unix-common\4.1.96.Final\netty-transport-native-unix-common-4.1.96.Final-linux-x86_64.jar;C:\Users\Leandro\.m2\repository\io\netty\netty-transport-native-epoll\4.1.96.Final\netty-transport-native-epoll-4.1.96.Final-linux-x86_64.jar;C:\Users\Leandro\.m2\repository\io\netty\netty-transport-native-unix-common\4.1.96.Final\netty-transport-native-unix-common-4.1.96.Final.jar;C:\Users\Leandro\.m2\repository\io\netty\netty-transport-classes-epoll\4.1.96.Final\netty-transport-classes-epoll-4.1.96.Final.jar;C:\Users\Leandro\.m2\repository\io\netty\netty-transport-native-unix-common\4.1.96.Final\netty-transport-native-unix-common-4.1.96.Final-linux-aarch_64.jar;C:\Users\Leandro\.m2\repository\io\netty\netty-transport-native-epoll\4.1.96.Final\netty-transport-native-epoll-4.1.96.Final-linux-aarch_64.jar;C:\Users\Leandro\.m2\repository\io\netty\netty-transport-native-unix-common\4.1.96.Final\netty-transport-native-unix-common-4.1.96.Final-osx-x86_64.jar;C:\Users\Leandro\.m2\repository\io\netty\netty-transport-native-kqueue\4.1.96.Final\netty-transport-native-kqueue-4.1.96.Final-osx-x86_64.jar;C:\Users\Leandro\.m2\repository\io\netty\netty-transport-classes-kqueue\4.1.96.Final\netty-transport-classes-kqueue-4.1.96.Final.jar;C:\Users\Leandro\.m2\repository\io\netty\netty-resolver-dns-native-macos\4.1.96.Final\netty-resolver-dns-native-macos-4.1.96.Final-osx-x86_64.jar;C:\Users\Leandro\.m2\repository\io\netty\netty-resolver-dns-classes-macos\4.1.96.Final\netty-resolver-dns-classes-macos-4.1.96.Final.jar;C:\Users\Leandro\.m2\repository\io\netty\netty-transport-native-unix-common\4.1.96.Final\netty-transport-native-unix-common-4.1.96.Final-osx-aarch_64.jar;C:\Users\Leandro\.m2\repository\io\netty\netty-transport-native-kqueue\4.1.96.Final\netty-transport-native-kqueue-4.1.96.Final-osx-aarch_64.jar;C:\Users\Leandro\.m2\repository\io\netty\netty-resolver-dns-native-macos\4.1.96.Final\netty-resolver-dns-native-macos-4.1.96.Final-osx-aarch_64.jar;C:\Users\Leandro\.m2\repository\io\netty\netty-tcnative-boringssl-static\2.0.61.Final\netty-tcnative-boringssl-static-2.0.61.Final-linux-x86_64.jar;C:\Users\Leandro\.m2\repository\io\netty\netty-tcnative-classes\2.0.61.Final\netty-tcnative-classes-2.0.61.Final.jar;C:\Users\Leandro\.m2\repository\io\netty\netty-tcnative-boringssl-static\2.0.61.Final\netty-tcnative-boringssl-static-2.0.61.Final-linux-aarch_64.jar;C:\Users\Leandro\.m2\repository\io\netty\netty-tcnative-boringssl-static\2.0.61.Final\netty-tcnative-boringssl-static-2.0.61.Final-osx-x86_64.jar;C:\Users\Leandro\.m2\repository\io\netty\netty-tcnative-boringssl-static\2.0.61.Final\netty-tcnative-boringssl-static-2.0.61.Final-osx-aarch_64.jar;C:\Users\Leandro\.m2\repository\io\netty\netty-tcnative-boringssl-static\2.0.61.Final\netty-tcnative-boringssl-static-2.0.61.Final-windows-x86_64.jar;C:\Users\Leandro\.m2\repository\com\aayushatharva\brotli4j\brotli4j\1.12.0\brotli4j-1.12.0.jar;C:\Users\Leandro\.m2\repository\com\aayushatharva\brotli4j\service\1.12.0\service-1.12.0.jar;C:\Users\Leandro\.m2\repository\com\aayushatharva\brotli4j\native-windows-x86_64\1.12.0\native-windows-x86_64-1.12.0.jar;C:\Users\Leandro\.m2\repository\org\apache\httpcomponents\httpclient\4.5.14\httpclient-4.5.14.jar;C:\Users\Leandro\.m2\repository\org\apache\httpcomponents\httpcore\4.4.16\httpcore-4.4.16.jar;C:\Users\Leandro\.m2\repository\commons-codec\commons-codec\1.16.0\commons-codec-1.16.0.jar;C:\Users\Leandro\.m2\repository\ch\qos\logback\logback-classic\1.4.11\logback-classic-1.4.11.jar;C:\Users\Leandro\.m2\repository\ch\qos\logback\logback-core\1.4.11\logback-core-1.4.11.jar;C:\Users\Leandro\.m2\repository\org\slf4j\jcl-over-slf4j\2.0.9\jcl-over-slf4j-2.0.9.jar;C:\Users\Leandro\.m2\repository\org\antlr\antlr4-runtime\4.11.1\antlr4-runtime-4.11.1.jar;C:\Users\Leandro\.m2\repository\com\jayway\jsonpath\json-path\2.8.0\json-path-2.8.0.jar;C:\Users\Leandro\.m2\repository\net\minidev\json-smart\2.4.10\json-smart-2.4.10.jar;C:\Users\Leandro\.m2\repository\net\minidev\accessors-smart\2.4.9\accessors-smart-2.4.9.jar;C:\Users\Leandro\.m2\repository\org\ow2\asm\asm\9.3\asm-9.3.jar;C:\Users\Leandro\.m2\repository\org\yaml\snakeyaml\2.0\snakeyaml-2.0.jar;C:\Users\Leandro\.m2\repository\de\siegmar\fastcsv\2.2.1\fastcsv-2.2.1.jar;C:\Users\Leandro\.m2\repository\info\picocli\picocli\4.7.1\picocli-4.7.1.jar;C:\Users\Leandro\.m2\repository\io\github\classgraph\classgraph\4.8.160\classgraph-4.8.160.jar;C:\Users\Leandro\.m2\repository\io\github\t12y\resemble\1.0.2\resemble-1.0.2.jar;C:\Users\Leandro\.m2\repository\io\github\t12y\ssim\1.0.0\ssim-1.0.0.jar;C:\Users\Leandro\.m2\repository\com\intuit\karate\karate-apache\0.9.6\karate-apache-0.9.6.jar;C:\Users\Leandro\.m2\repository\org\apache\httpcomponents\httpmime\4.5.12\httpmime-4.5.12.jar;C:\Users\Leandro\.m2\repository\com\intuit\karate\karate-junit4\1.3.1\karate-junit4-1.3.1.jar;C:\Users\Leandro\.m2\repository\junit\junit\4.13.1\junit-4.13.1.jar;C:\Users\Leandro\.m2\repository\org\hamcrest\hamcrest-core\1.3\hamcrest-core-1.3.jar;C:\Users\Leandro\.m2\repository\io\cucumber\cucumber-java\7.15.0\cucumber-java-7.15.0.jar;C:\Users\Leandro\.m2\repository\io\cucumber\cucumber-core\7.15.0\cucumber-core-7.15.0.jar;C:\Users\Leandro\.m2\repository\io\cucumber\cucumber-gherkin\7.15.0\cucumber-gherkin-7.15.0.jar;C:\Users\Leandro\.m2\repository\io\cucumber\cucumber-gherkin-messages\7.15.0\cucumber-gherkin-messages-7.15.0.jar;C:\Users\Leandro\.m2\repository\io\cucumber\gherkin\26.2.0\gherkin-26.2.0.jar;C:\Users\Leandro\.m2\repository\io\cucumber\messages\22.0.0\messages-22.0.0.jar;C:\Users\Leandro\.m2\repository\io\cucumber\tag-expressions\6.0.0\tag-expressions-6.0.0.jar;C:\Users\Leandro\.m2\repository\io\cucumber\cucumber-expressions\17.0.1\cucumber-expressions-17.0.1.jar;C:\Users\Leandro\.m2\repository\io\cucumber\datatable\7.15.0\datatable-7.15.0.jar;C:\Users\Leandro\.m2\repository\io\cucumber\cucumber-plugin\7.15.0\cucumber-plugin-7.15.0.jar;C:\Users\Leandro\.m2\repository\io\cucumber\docstring\7.15.0\docstring-7.15.0.jar;C:\Users\Leandro\.m2\repository\io\cucumber\html-formatter\20.4.0\html-formatter-20.4.0.jar;C:\Users\Leandro\.m2\repository\io\cucumber\junit-xml-formatter\0.2.0\junit-xml-formatter-0.2.0.jar;C:\Users\Leandro\.m2\repository\io\cucumber\ci-environment\10.0.0\ci-environment-10.0.0.jar;C:\Users\Leandro\.m2\repository\org\apiguardian\apiguardian-api\1.1.2\apiguardian-api-1.1.2.jar;"/>
    <property name="java.vm.vendor" value="Oracle Corporation"/>
    <property name="sun.arch.data.model" value="64"/>
    <property name="user.variant" value=""/>
    <property name="java.vendor.url" value="https://java.oracle.com/"/>
    <property name="user.timezone" value="America/Buenos_Aires"/>
    <property name="os.name" value="Windows 10"/>
    <property name="java.vm.specification.version" value="21"/>
    <property name="sun.java.launcher" value="SUN_STANDARD"/>
    <property name="user.country" value="ES"/>
    <property name="sun.boot.library.path" value="C:\Program Files\Java\jdk-21\bin"/>
    <property name="sun.java.command" value="C:\Users\Leandro\AppData\Local\Temp\surefire13461902504615533326\surefirebooter-20231231170145388_3.jar C:\Users\Leandro\AppData\Local\Temp\surefire13461902504615533326 2023-12-31T17-01-45_270-jvmRun1 surefire-20231231170145388_1tmp surefire_0-20231231170145388_2tmp"/>
    <property name="jdk.debug" value="release"/>
    <property name="surefire.test.class.path" value="C:\Users\Leandro\eclipse-workspace\Karate\target\test-classes;C:\Users\Leandro\eclipse-workspace\Karate\target\classes;C:\Users\Leandro\.m2\repository\com\intuit\karate\karate-core\1.4.1\karate-core-1.4.1.jar;C:\Users\Leandro\.m2\repository\org\graalvm\js\js-scriptengine\22.3.3\js-scriptengine-22.3.3.jar;C:\Users\Leandro\.m2\repository\org\graalvm\sdk\graal-sdk\22.3.3\graal-sdk-22.3.3.jar;C:\Users\Leandro\.m2\repository\org\graalvm\js\js\22.3.3\js-22.3.3.jar;C:\Users\Leandro\.m2\repository\org\graalvm\regex\regex\22.3.3\regex-22.3.3.jar;C:\Users\Leandro\.m2\repository\org\graalvm\truffle\truffle-api\22.3.3\truffle-api-22.3.3.jar;C:\Users\Leandro\.m2\repository\com\ibm\icu\icu4j\71.1\icu4j-71.1.jar;C:\Users\Leandro\.m2\repository\org\thymeleaf\thymeleaf\3.1.2.RELEASE\thymeleaf-3.1.2.RELEASE.jar;C:\Users\Leandro\.m2\repository\ognl\ognl\3.3.4\ognl-3.3.4.jar;C:\Users\Leandro\.m2\repository\org\javassist\javassist\3.29.0-GA\javassist-3.29.0-GA.jar;C:\Users\Leandro\.m2\repository\org\attoparser\attoparser\2.0.7.RELEASE\attoparser-2.0.7.RELEASE.jar;C:\Users\Leandro\.m2\repository\org\unbescape\unbescape\1.1.6.RELEASE\unbescape-1.1.6.RELEASE.jar;C:\Users\Leandro\.m2\repository\org\slf4j\slf4j-api\2.0.7\slf4j-api-2.0.7.jar;C:\Users\Leandro\.m2\repository\com\linecorp\armeria\armeria\1.25.2\armeria-1.25.2.jar;C:\Users\Leandro\.m2\repository\com\fasterxml\jackson\core\jackson-core\2.15.2\jackson-core-2.15.2.jar;C:\Users\Leandro\.m2\repository\com\fasterxml\jackson\core\jackson-annotations\2.15.2\jackson-annotations-2.15.2.jar;C:\Users\Leandro\.m2\repository\com\fasterxml\jackson\core\jackson-databind\2.15.2\jackson-databind-2.15.2.jar;C:\Users\Leandro\.m2\repository\com\fasterxml\jackson\datatype\jackson-datatype-jdk8\2.15.2\jackson-datatype-jdk8-2.15.2.jar;C:\Users\Leandro\.m2\repository\com\fasterxml\jackson\datatype\jackson-datatype-jsr310\2.15.2\jackson-datatype-jsr310-2.15.2.jar;C:\Users\Leandro\.m2\repository\io\micrometer\micrometer-core\1.11.3\micrometer-core-1.11.3.jar;C:\Users\Leandro\.m2\repository\io\micrometer\micrometer-commons\1.11.3\micrometer-commons-1.11.3.jar;C:\Users\Leandro\.m2\repository\io\micrometer\micrometer-observation\1.11.3\micrometer-observation-1.11.3.jar;C:\Users\Leandro\.m2\repository\org\hdrhistogram\HdrHistogram\2.1.12\HdrHistogram-2.1.12.jar;C:\Users\Leandro\.m2\repository\org\latencyutils\LatencyUtils\2.0.3\LatencyUtils-2.0.3.jar;C:\Users\Leandro\.m2\repository\io\netty\netty-transport\4.1.96.Final\netty-transport-4.1.96.Final.jar;C:\Users\Leandro\.m2\repository\io\netty\netty-common\4.1.96.Final\netty-common-4.1.96.Final.jar;C:\Users\Leandro\.m2\repository\io\netty\netty-buffer\4.1.96.Final\netty-buffer-4.1.96.Final.jar;C:\Users\Leandro\.m2\repository\io\netty\netty-resolver\4.1.96.Final\netty-resolver-4.1.96.Final.jar;C:\Users\Leandro\.m2\repository\io\netty\netty-codec-haproxy\4.1.96.Final\netty-codec-haproxy-4.1.96.Final.jar;C:\Users\Leandro\.m2\repository\io\netty\netty-codec\4.1.96.Final\netty-codec-4.1.96.Final.jar;C:\Users\Leandro\.m2\repository\io\netty\netty-codec-http2\4.1.96.Final\netty-codec-http2-4.1.96.Final.jar;C:\Users\Leandro\.m2\repository\io\netty\netty-handler\4.1.96.Final\netty-handler-4.1.96.Final.jar;C:\Users\Leandro\.m2\repository\io\netty\netty-codec-http\4.1.96.Final\netty-codec-http-4.1.96.Final.jar;C:\Users\Leandro\.m2\repository\io\netty\netty-resolver-dns\4.1.96.Final\netty-resolver-dns-4.1.96.Final.jar;C:\Users\Leandro\.m2\repository\io\netty\netty-codec-dns\4.1.96.Final\netty-codec-dns-4.1.96.Final.jar;C:\Users\Leandro\.m2\repository\org\reactivestreams\reactive-streams\1.0.4\reactive-streams-1.0.4.jar;C:\Users\Leandro\.m2\repository\com\google\code\findbugs\jsr305\3.0.2\jsr305-3.0.2.jar;C:\Users\Leandro\.m2\repository\io\netty\netty-handler-proxy\4.1.96.Final\netty-handler-proxy-4.1.96.Final.jar;C:\Users\Leandro\.m2\repository\io\netty\netty-codec-socks\4.1.96.Final\netty-codec-socks-4.1.96.Final.jar;C:\Users\Leandro\.m2\repository\io\netty\netty-transport-native-unix-common\4.1.96.Final\netty-transport-native-unix-common-4.1.96.Final-linux-x86_64.jar;C:\Users\Leandro\.m2\repository\io\netty\netty-transport-native-epoll\4.1.96.Final\netty-transport-native-epoll-4.1.96.Final-linux-x86_64.jar;C:\Users\Leandro\.m2\repository\io\netty\netty-transport-native-unix-common\4.1.96.Final\netty-transport-native-unix-common-4.1.96.Final.jar;C:\Users\Leandro\.m2\repository\io\netty\netty-transport-classes-epoll\4.1.96.Final\netty-transport-classes-epoll-4.1.96.Final.jar;C:\Users\Leandro\.m2\repository\io\netty\netty-transport-native-unix-common\4.1.96.Final\netty-transport-native-unix-common-4.1.96.Final-linux-aarch_64.jar;C:\Users\Leandro\.m2\repository\io\netty\netty-transport-native-epoll\4.1.96.Final\netty-transport-native-epoll-4.1.96.Final-linux-aarch_64.jar;C:\Users\Leandro\.m2\repository\io\netty\netty-transport-native-unix-common\4.1.96.Final\netty-transport-native-unix-common-4.1.96.Final-osx-x86_64.jar;C:\Users\Leandro\.m2\repository\io\netty\netty-transport-native-kqueue\4.1.96.Final\netty-transport-native-kqueue-4.1.96.Final-osx-x86_64.jar;C:\Users\Leandro\.m2\repository\io\netty\netty-transport-classes-kqueue\4.1.96.Final\netty-transport-classes-kqueue-4.1.96.Final.jar;C:\Users\Leandro\.m2\repository\io\netty\netty-resolver-dns-native-macos\4.1.96.Final\netty-resolver-dns-native-macos-4.1.96.Final-osx-x86_64.jar;C:\Users\Leandro\.m2\repository\io\netty\netty-resolver-dns-classes-macos\4.1.96.Final\netty-resolver-dns-classes-macos-4.1.96.Final.jar;C:\Users\Leandro\.m2\repository\io\netty\netty-transport-native-unix-common\4.1.96.Final\netty-transport-native-unix-common-4.1.96.Final-osx-aarch_64.jar;C:\Users\Leandro\.m2\repository\io\netty\netty-transport-native-kqueue\4.1.96.Final\netty-transport-native-kqueue-4.1.96.Final-osx-aarch_64.jar;C:\Users\Leandro\.m2\repository\io\netty\netty-resolver-dns-native-macos\4.1.96.Final\netty-resolver-dns-native-macos-4.1.96.Final-osx-aarch_64.jar;C:\Users\Leandro\.m2\repository\io\netty\netty-tcnative-boringssl-static\2.0.61.Final\netty-tcnative-boringssl-static-2.0.61.Final-linux-x86_64.jar;C:\Users\Leandro\.m2\repository\io\netty\netty-tcnative-classes\2.0.61.Final\netty-tcnative-classes-2.0.61.Final.jar;C:\Users\Leandro\.m2\repository\io\netty\netty-tcnative-boringssl-static\2.0.61.Final\netty-tcnative-boringssl-static-2.0.61.Final-linux-aarch_64.jar;C:\Users\Leandro\.m2\repository\io\netty\netty-tcnative-boringssl-static\2.0.61.Final\netty-tcnative-boringssl-static-2.0.61.Final-osx-x86_64.jar;C:\Users\Leandro\.m2\repository\io\netty\netty-tcnative-boringssl-static\2.0.61.Final\netty-tcnative-boringssl-static-2.0.61.Final-osx-aarch_64.jar;C:\Users\Leandro\.m2\repository\io\netty\netty-tcnative-boringssl-static\2.0.61.Final\netty-tcnative-boringssl-static-2.0.61.Final-windows-x86_64.jar;C:\Users\Leandro\.m2\repository\com\aayushatharva\brotli4j\brotli4j\1.12.0\brotli4j-1.12.0.jar;C:\Users\Leandro\.m2\repository\com\aayushatharva\brotli4j\service\1.12.0\service-1.12.0.jar;C:\Users\Leandro\.m2\repository\com\aayushatharva\brotli4j\native-windows-x86_64\1.12.0\native-windows-x86_64-1.12.0.jar;C:\Users\Leandro\.m2\repository\org\apache\httpcomponents\httpclient\4.5.14\httpclient-4.5.14.jar;C:\Users\Leandro\.m2\repository\org\apache\httpcomponents\httpcore\4.4.16\httpcore-4.4.16.jar;C:\Users\Leandro\.m2\repository\commons-codec\commons-codec\1.16.0\commons-codec-1.16.0.jar;C:\Users\Leandro\.m2\repository\ch\qos\logback\logback-classic\1.4.11\logback-classic-1.4.11.jar;C:\Users\Leandro\.m2\repository\ch\qos\logback\logback-core\1.4.11\logback-core-1.4.11.jar;C:\Users\Leandro\.m2\repository\org\slf4j\jcl-over-slf4j\2.0.9\jcl-over-slf4j-2.0.9.jar;C:\Users\Leandro\.m2\repository\org\antlr\antlr4-runtime\4.11.1\antlr4-runtime-4.11.1.jar;C:\Users\Leandro\.m2\repository\com\jayway\jsonpath\json-path\2.8.0\json-path-2.8.0.jar;C:\Users\Leandro\.m2\repository\net\minidev\json-smart\2.4.10\json-smart-2.4.10.jar;C:\Users\Leandro\.m2\repository\net\minidev\accessors-smart\2.4.9\accessors-smart-2.4.9.jar;C:\Users\Leandro\.m2\repository\org\ow2\asm\asm\9.3\asm-9.3.jar;C:\Users\Leandro\.m2\repository\org\yaml\snakeyaml\2.0\snakeyaml-2.0.jar;C:\Users\Leandro\.m2\repository\de\siegmar\fastcsv\2.2.1\fastcsv-2.2.1.jar;C:\Users\Leandro\.m2\repository\info\picocli\picocli\4.7.1\picocli-4.7.1.jar;C:\Users\Leandro\.m2\repository\io\github\classgraph\classgraph\4.8.160\classgraph-4.8.160.jar;C:\Users\Leandro\.m2\repository\io\github\t12y\resemble\1.0.2\resemble-1.0.2.jar;C:\Users\Leandro\.m2\repository\io\github\t12y\ssim\1.0.0\ssim-1.0.0.jar;C:\Users\Leandro\.m2\repository\com\intuit\karate\karate-apache\0.9.6\karate-apache-0.9.6.jar;C:\Users\Leandro\.m2\repository\org\apache\httpcomponents\httpmime\4.5.12\httpmime-4.5.12.jar;C:\Users\Leandro\.m2\repository\com\intuit\karate\karate-junit4\1.3.1\karate-junit4-1.3.1.jar;C:\Users\Leandro\.m2\repository\junit\junit\4.13.1\junit-4.13.1.jar;C:\Users\Leandro\.m2\repository\org\hamcrest\hamcrest-core\1.3\hamcrest-core-1.3.jar;C:\Users\Leandro\.m2\repository\io\cucumber\cucumber-java\7.15.0\cucumber-java-7.15.0.jar;C:\Users\Leandro\.m2\repository\io\cucumber\cucumber-core\7.15.0\cucumber-core-7.15.0.jar;C:\Users\Leandro\.m2\repository\io\cucumber\cucumber-gherkin\7.15.0\cucumber-gherkin-7.15.0.jar;C:\Users\Leandro\.m2\repository\io\cucumber\cucumber-gherkin-messages\7.15.0\cucumber-gherkin-messages-7.15.0.jar;C:\Users\Leandro\.m2\repository\io\cucumber\gherkin\26.2.0\gherkin-26.2.0.jar;C:\Users\Leandro\.m2\repository\io\cucumber\messages\22.0.0\messages-22.0.0.jar;C:\Users\Leandro\.m2\repository\io\cucumber\tag-expressions\6.0.0\tag-expressions-6.0.0.jar;C:\Users\Leandro\.m2\repository\io\cucumber\cucumber-expressions\17.0.1\cucumber-expressions-17.0.1.jar;C:\Users\Leandro\.m2\repository\io\cucumber\datatable\7.15.0\datatable-7.15.0.jar;C:\Users\Leandro\.m2\repository\io\cucumber\cucumber-plugin\7.15.0\cucumber-plugin-7.15.0.jar;C:\Users\Leandro\.m2\repository\io\cucumber\docstring\7.15.0\docstring-7.15.0.jar;C:\Users\Leandro\.m2\repository\io\cucumber\html-formatter\20.4.0\html-formatter-20.4.0.jar;C:\Users\Leandro\.m2\repository\io\cucumber\junit-xml-formatter\0.2.0\junit-xml-formatter-0.2.0.jar;C:\Users\Leandro\.m2\repository\io\cucumber\ci-environment\10.0.0\ci-environment-10.0.0.jar;C:\Users\Leandro\.m2\repository\org\apiguardian\apiguardian-api\1.1.2\apiguardian-api-1.1.2.jar;"/>
    <property name="sun.cpu.endian" value="little"/>
    <property name="user.home" value="C:\Users\Leandro"/>
    <property name="user.language" value="es"/>
    <property name="java.specification.vendor" value="Oracle Corporation"/>
    <property name="java.version.date" value="2023-10-17"/>
    <property name="java.home" value="C:\Program Files\Java\jdk-21"/>
    <property name="file.separator" value="\"/>
    <property name="basedir" value="C:\Users\Leandro\eclipse-workspace\Karate"/>
    <property name="java.vm.compressedOopsMode" value="Zero based"/>
    <property name="line.separator" value="&#10;"/>
    <property name="java.vm.specification.vendor" value="Oracle Corporation"/>
    <property name="java.specification.name" value="Java Platform API Specification"/>
    <property name="surefire.real.class.path" value="C:\Users\Leandro\AppData\Local\Temp\surefire13461902504615533326\surefirebooter-20231231170145388_3.jar"/>
    <property name="user.script" value=""/>
    <property name="sun.management.compiler" value="HotSpot 64-Bit Tiered Compilers"/>
    <property name="java.runtime.version" value="21.0.1+12-LTS-29"/>
    <property name="user.name" value="Leandro"/>
    <property name="stdout.encoding" value="Cp1252"/>
    <property name="path.separator" value=";"/>
    <property name="os.version" value="10.0"/>
    <property name="java.runtime.name" value="Java(TM) SE Runtime Environment"/>
    <property name="file.encoding" value="UTF-8"/>
    <property name="java.vm.name" value="Java HotSpot(TM) 64-Bit Server VM"/>
    <property name="localRepository" value="C:\Users\Leandro\.m2\repository"/>
    <property name="java.vendor.url.bug" value="https://bugreport.java.com/bugreport/"/>
    <property name="java.io.tmpdir" value="C:\Users\Leandro\AppData\Local\Temp\"/>
    <property name="java.version" value="21.0.1"/>
    <property name="user.dir" value="C:\Users\Leandro\eclipse-workspace\Karate"/>
    <property name="os.arch" value="amd64"/>
    <property name="java.vm.specification.name" value="Java Virtual Machine Specification"/>
    <property name="sun.os.patch.level" value=""/>
    <property name="native.encoding" value="Cp1252"/>
    <property name="java.library.path" value="C:\Program Files\Java\jdk-21\bin;C:\WINDOWS\Sun\Java\bin;C:\WINDOWS\system32;C:\WINDOWS;C:\Program Files\Common Files\Oracle\Java\javapath;C:\Program Files (x86)\Common Files\Oracle\Java\javapath;C:\Program Files (x86)\NVIDIA Corporation\PhysX\Common;%CommonProgramFiles%\Microsoft Shared\Windows Live;C:\Program Files (x86)\Intel\iCLS Client\;C:\Program Files\Intel\iCLS Client\;C:\WINDOWS\system32;C:\WINDOWS;C:\WINDOWS\System32\Wbem;C:\WINDOWS\System32\WindowsPowerShell\v1.0\;C:\Program Files\Intel\Intel(R) Management Engine Components\DAL;C:\Program Files\Intel\Intel(R) Management Engine Components\IPT;C:\Program Files (x86)\Intel\Intel(R) Management Engine Components\DAL;C:\Program Files (x86)\Intel\Intel(R) Management Engine Components\IPT;C:\Program Files (x86)\ATI Technologies\ATI.ACE\Core-Static;C:\Program Files (x86)\AMD\ATI.ACE\Core-Static;C:\WINDOWS\System32\OpenSSH\;C:\Program Files (x86)\QuickTime\QTSystem\;C:\Program Files\Calibre2\;C:\Program Files\Git\cmd;C:\Program Files\apache-maven-3.9.6\bin;C:\Program Files\nodejs\;C:\Program Files\Common Files\Microsoft Shared\Windows Live;C:\Users\Leandro\AppData\Local\Microsoft\WindowsApps;C:\Users\Leandro\AppData\Local\atom\bin;C:\Users\Leandro\AppData\Local\Microsoft\WindowsApps;C:\Users\Leandro\AppData\Local\Programs\Microsoft VS Code\bin;C:\Users\Leandro\AppData\Roaming\npm;."/>
    <property name="java.vm.info" value="mixed mode, sharing"/>
    <property name="stderr.encoding" value="Cp1252"/>
    <property name="java.vendor" value="Oracle Corporation"/>
    <property name="java.vm.version" value="21.0.1+12-LTS-29"/>
    <property name="sun.io.unicode.encoding" value="UnicodeLittle"/>
    <property name="java.class.version" value="65.0"/>
  </properties>
  <testcase name="[1:7] Test a Sample get API" classname="[Mascotas/ApiTest] Sample API test" time="0.664">
    <system-out><![CDATA[17:01:46.897 [main] DEBUG com.intuit.karate.Suite -- [config] classpath:karate-config.js
17:01:48.016 [main] DEBUG com.jayway.jsonpath.internal.path.CompiledPath -- Evaluating path: $
17:01:48.229 [main] DEBUG org.apache.http.client.protocol.RequestAddCookies -- CookieSpec selected: karate
17:01:48.236 [main] DEBUG org.apache.http.client.protocol.RequestAuthCache -- Auth cache not set in the context
17:01:48.238 [main] DEBUG com.intuit.karate -- request:
1 > GET https://reqres.in/api/users?page=2
1 > Host: reqres.in
1 > Connection: Keep-Alive
1 > User-Agent: Apache-HttpClient/4.5.14 (Java/21.0.1)
1 > Accept-Encoding: gzip,deflate


17:01:48.240 [main] DEBUG org.apache.http.impl.conn.PoolingHttpClientConnectionManager -- Connection request: [route: {s}->https://reqres.in:443][total available: 0; route allocated: 0 of 5; total allocated: 0 of 10]
17:01:48.249 [main] DEBUG org.apache.http.impl.conn.PoolingHttpClientConnectionManager -- Connection leased: [id: 0][route: {s}->https://reqres.in:443][total available: 0; route allocated: 1 of 5; total allocated: 1 of 10]
17:01:48.250 [main] DEBUG org.apache.http.impl.execchain.MainClientExec -- Opening connection {s}->https://reqres.in:443
17:01:48.261 [main] DEBUG org.apache.http.impl.conn.DefaultHttpClientConnectionOperator -- Connecting to reqres.in/104.26.10.213:443
17:01:48.261 [main] DEBUG org.apache.http.conn.ssl.SSLConnectionSocketFactory -- Connecting socket to reqres.in/104.26.10.213:443 with timeout 30000
17:01:48.314 [main] DEBUG org.apache.http.conn.ssl.SSLConnectionSocketFactory -- Enabled protocols: [TLSv1.3, TLSv1.2]
17:01:48.314 [main] DEBUG org.apache.http.conn.ssl.SSLConnectionSocketFactory -- Enabled cipher suites:[TLS_AES_256_GCM_SHA384, TLS_AES_128_GCM_SHA256, TLS_CHACHA20_POLY1305_SHA256, TLS_ECDHE_ECDSA_WITH_AES_256_GCM_SHA384, TLS_ECDHE_ECDSA_WITH_AES_128_GCM_SHA256, TLS_ECDHE_ECDSA_WITH_CHACHA20_POLY1305_SHA256, TLS_ECDHE_RSA_WITH_AES_256_GCM_SHA384, TLS_ECDHE_RSA_WITH_CHACHA20_POLY1305_SHA256, TLS_ECDHE_RSA_WITH_AES_128_GCM_SHA256, TLS_DHE_RSA_WITH_AES_256_GCM_SHA384, TLS_DHE_RSA_WITH_CHACHA20_POLY1305_SHA256, TLS_DHE_DSS_WITH_AES_256_GCM_SHA384, TLS_DHE_RSA_WITH_AES_128_GCM_SHA256, TLS_DHE_DSS_WITH_AES_128_GCM_SHA256, TLS_ECDHE_ECDSA_WITH_AES_256_CBC_SHA384, TLS_ECDHE_RSA_WITH_AES_256_CBC_SHA384, TLS_ECDHE_ECDSA_WITH_AES_128_CBC_SHA256, TLS_ECDHE_RSA_WITH_AES_128_CBC_SHA256, TLS_DHE_RSA_WITH_AES_256_CBC_SHA256, TLS_DHE_DSS_WITH_AES_256_CBC_SHA256, TLS_DHE_RSA_WITH_AES_128_CBC_SHA256, TLS_DHE_DSS_WITH_AES_128_CBC_SHA256, TLS_ECDHE_ECDSA_WITH_AES_256_CBC_SHA, TLS_ECDHE_RSA_WITH_AES_256_CBC_SHA, TLS_ECDHE_ECDSA_WITH_AES_128_CBC_SHA, TLS_ECDHE_RSA_WITH_AES_128_CBC_SHA, TLS_DHE_RSA_WITH_AES_256_CBC_SHA, TLS_DHE_DSS_WITH_AES_256_CBC_SHA, TLS_DHE_RSA_WITH_AES_128_CBC_SHA, TLS_DHE_DSS_WITH_AES_128_CBC_SHA, TLS_RSA_WITH_AES_256_GCM_SHA384, TLS_RSA_WITH_AES_128_GCM_SHA256, TLS_RSA_WITH_AES_256_CBC_SHA256, TLS_RSA_WITH_AES_128_CBC_SHA256, TLS_RSA_WITH_AES_256_CBC_SHA, TLS_RSA_WITH_AES_128_CBC_SHA, TLS_EMPTY_RENEGOTIATION_INFO_SCSV]
17:01:48.315 [main] DEBUG org.apache.http.conn.ssl.SSLConnectionSocketFactory -- Starting handshake
17:01:48.482 [main] DEBUG org.apache.http.conn.ssl.SSLConnectionSocketFactory -- Secure session established
17:01:48.482 [main] DEBUG org.apache.http.conn.ssl.SSLConnectionSocketFactory --  negotiated protocol: TLSv1.3
17:01:48.483 [main] DEBUG org.apache.http.conn.ssl.SSLConnectionSocketFactory --  negotiated cipher suite: TLS_AES_256_GCM_SHA384
17:01:48.483 [main] DEBUG org.apache.http.conn.ssl.SSLConnectionSocketFactory --  peer principal: CN=sni.cloudflaressl.com, O="Cloudflare, Inc.", L=San Francisco, ST=California, C=US
17:01:48.483 [main] DEBUG org.apache.http.conn.ssl.SSLConnectionSocketFactory --  peer alternative names: [reqres.in, *.reqres.in, sni.cloudflaressl.com]
17:01:48.483 [main] DEBUG org.apache.http.conn.ssl.SSLConnectionSocketFactory --  issuer principal: CN=Cloudflare Inc ECC CA-3, O="Cloudflare, Inc.", C=US
17:01:48.486 [main] DEBUG org.apache.http.impl.conn.DefaultHttpClientConnectionOperator -- Connection established 192.168.0.90:60960<->104.26.10.213:443
17:01:48.487 [main] DEBUG org.apache.http.impl.conn.DefaultManagedHttpClientConnection -- http-outgoing-0: set socket timeout to 30000
17:01:48.487 [main] DEBUG org.apache.http.impl.execchain.MainClientExec -- Executing request GET /api/users?page=2 HTTP/1.1
17:01:48.487 [main] DEBUG org.apache.http.impl.execchain.MainClientExec -- Target auth state: UNCHALLENGED
17:01:48.487 [main] DEBUG org.apache.http.impl.execchain.MainClientExec -- Proxy auth state: UNCHALLENGED
17:01:48.489 [main] DEBUG org.apache.http.headers -- http-outgoing-0 >> GET /api/users?page=2 HTTP/1.1
17:01:48.489 [main] DEBUG org.apache.http.headers -- http-outgoing-0 >> Host: reqres.in
17:01:48.489 [main] DEBUG org.apache.http.headers -- http-outgoing-0 >> Connection: Keep-Alive
17:01:48.489 [main] DEBUG org.apache.http.headers -- http-outgoing-0 >> User-Agent: Apache-HttpClient/4.5.14 (Java/21.0.1)
17:01:48.489 [main] DEBUG org.apache.http.headers -- http-outgoing-0 >> Accept-Encoding: gzip,deflate
17:01:48.489 [main] DEBUG org.apache.http.wire -- http-outgoing-0 >> "GET /api/users?page=2 HTTP/1.1[\r][\n]"
17:01:48.489 [main] DEBUG org.apache.http.wire -- http-outgoing-0 >> "Host: reqres.in[\r][\n]"
17:01:48.489 [main] DEBUG org.apache.http.wire -- http-outgoing-0 >> "Connection: Keep-Alive[\r][\n]"
17:01:48.489 [main] DEBUG org.apache.http.wire -- http-outgoing-0 >> "User-Agent: Apache-HttpClient/4.5.14 (Java/21.0.1)[\r][\n]"
17:01:48.490 [main] DEBUG org.apache.http.wire -- http-outgoing-0 >> "Accept-Encoding: gzip,deflate[\r][\n]"
17:01:48.490 [main] DEBUG org.apache.http.wire -- http-outgoing-0 >> "[\r][\n]"
17:01:48.518 [main] DEBUG org.apache.http.wire -- http-outgoing-0 << "HTTP/1.1 200 OK[\r][\n]"
17:01:48.518 [main] DEBUG org.apache.http.wire -- http-outgoing-0 << "Date: Sun, 31 Dec 2023 20:01:48 GMT[\r][\n]"
17:01:48.518 [main] DEBUG org.apache.http.wire -- http-outgoing-0 << "Content-Type: application/json; charset=utf-8[\r][\n]"
17:01:48.518 [main] DEBUG org.apache.http.wire -- http-outgoing-0 << "Transfer-Encoding: chunked[\r][\n]"
17:01:48.518 [main] DEBUG org.apache.http.wire -- http-outgoing-0 << "Connection: keep-alive[\r][\n]"
17:01:48.518 [main] DEBUG org.apache.http.wire -- http-outgoing-0 << "Report-To: {"group":"heroku-nel","max_age":3600,"endpoints":[{"url":"https://nel.heroku.com/reports?ts=1703518201&sid=c4c9725f-1ab0-44d8-820f-430df2718e11&s=UbKDEaJWXDiaklPLoS9RH%2B0XnbL32%2FWZGk0TChd5%2Fjk%3D"}]}[\r][\n]"
17:01:48.518 [main] DEBUG org.apache.http.wire -- http-outgoing-0 << "Reporting-Endpoints: heroku-nel=https://nel.heroku.com/reports?ts=1703518201&sid=c4c9725f-1ab0-44d8-820f-430df2718e11&s=UbKDEaJWXDiaklPLoS9RH%2B0XnbL32%2FWZGk0TChd5%2Fjk%3D[\r][\n]"
17:01:48.518 [main] DEBUG org.apache.http.wire -- http-outgoing-0 << "Nel: {"report_to":"heroku-nel","max_age":3600,"success_fraction":0.005,"failure_fraction":0.05,"response_headers":["Via"]}[\r][\n]"
17:01:48.519 [main] DEBUG org.apache.http.wire -- http-outgoing-0 << "X-Powered-By: Express[\r][\n]"
17:01:48.519 [main] DEBUG org.apache.http.wire -- http-outgoing-0 << "Access-Control-Allow-Origin: *[\r][\n]"
17:01:48.519 [main] DEBUG org.apache.http.wire -- http-outgoing-0 << "Etag: W/"406-ut0vzoCuidvyMf8arZpMpJ6ZRDw"[\r][\n]"
17:01:48.519 [main] DEBUG org.apache.http.wire -- http-outgoing-0 << "Via: 1.1 vegur[\r][\n]"
17:01:48.519 [main] DEBUG org.apache.http.wire -- http-outgoing-0 << "Cache-Control: max-age=14400[\r][\n]"
17:01:48.519 [main] DEBUG org.apache.http.wire -- http-outgoing-0 << "CF-Cache-Status: HIT[\r][\n]"
17:01:48.519 [main] DEBUG org.apache.http.wire -- http-outgoing-0 << "Age: 5370[\r][\n]"
17:01:48.519 [main] DEBUG org.apache.http.wire -- http-outgoing-0 << "Vary: Accept-Encoding[\r][\n]"
17:01:48.519 [main] DEBUG org.apache.http.wire -- http-outgoing-0 << "Server: cloudflare[\r][\n]"
17:01:48.519 [main] DEBUG org.apache.http.wire -- http-outgoing-0 << "CF-RAY: 83e51dd4f8e91e98-EZE[\r][\n]"
17:01:48.519 [main] DEBUG org.apache.http.wire -- http-outgoing-0 << "Content-Encoding: gzip[\r][\n]"
17:01:48.519 [main] DEBUG org.apache.http.wire -- http-outgoing-0 << "[\r][\n]"
17:01:48.519 [main] DEBUG org.apache.http.wire -- http-outgoing-0 << "17b[\r][\n]"
17:01:48.520 [main] DEBUG org.apache.http.wire -- http-outgoing-0 << "[0x1f][0x8b][0x8][0x0][0x0][0x0][0x0][0x0][0x0][0x3][0x8d][0xd2][0xcd]n[0xa3]0[0x14][0x86][0xe1][q[0xcf]l](Y[0xf4][0xc7][0xab][0xaa][0xd2][0xcc]t[0xd1]n[0xa2][0xd9]U[0xa3][0xea][0x4][0xe][0xe0][0xd6][0xd8][0xee][0xb1]i[0xa6][0x8a]r[0xef]UM4T[0x88]D[0xec][0x0][0xbf][0x1f]z[0x84][0xd8][0x81][0xc7][0x86]@[0xad]$x[0xe2][0xe7][0xe1][0xe6]RBt[0x11][\r][0xa8]bu[0xb8]L'!u[0x15]F[0x4][0xf5][0xb4][0x3]][0x81][0xba][0x92]@[0x1d]j[0x3][\n]"
17:01:48.520 [main] DEBUG org.apache.http.wire -- http-outgoing-0 << ":][0xb6]H&3[0xb8][\r][0xce][0xde]2[0xbd]1[0x85]L[[0x90]Pk[0xe][0xf1][0xd9]bG[0xa0][0xe0]q[0xe8]@[0x82][0xc1][0xf1][0xe9]CZ[0x81][0x4]|[0xc7][0x88][0xc][\n]"
17:01:48.520 [main] DEBUG org.apache.http.wire -- http-outgoing-0 << "[0xda][0x18]}Py[0xfe][0xff]E[0xb9][0xee][0x9a][0xbc][0xc6][0x92]B~u[0xae];l({[0xf1][\r][0xec][0xe5]@[0xb9][0x1e])F[0xdb]*[0xe0]GV[0x13]7[0xfd]I[0xcc][0xc3]PN0[0xbf][0xe][0xbb][0xa5][0x9c][0xeb][0x19][0xce][0xcd][0xc8][0x89]n[0xa3]1duo_[0xe9]8[0xe5]O[0xaa][0xa6][0x92][0xaf][0xcd]R[0xc6][0xcd][0xc][0xa3][0xb8][0x18][0x1d][0x9b][0xf]v6[0xab]5[0x99]*[0x1c]w[0xdc]}USF[0xda],u[0x14][0x17]s[0x90]b[0x84]4[0xe4][0xb8][0xa1][0x8c][0xaa]-[0xf2])[0xca][0xef][0xd4]M,?[0x87][0xd5]bL1[0x87]Y[0x8d][0x18][0xc6][0xb2]%[0x93][0xb5]nK[0xc6][0x1c][0xb7][0xac]S6[0xb1][0xdc][0xa7][0xd1]b[0xca][0xea];[0xe5][0xaf][0x84][0xd0]{[0xef]8[0x82][0xda]A[0xcf]fv[0xfd][0xe3][0xd0][0x9c][0xb7][0x84][0x95][0xb6][\r]H[0x88][0xf4]/[0xa6][0xff]E[0xbc][0x12]y[0xb1][0xa6][0xb7]5[0x5]Q3[0x91][0x14][0xa5][0xb3][0x91][0xf5][0xa6][0x8f][0xda][0xd9] [0xa2]K[0x9f]J[0x4][0xe2]wbQ[0xba][0x10][0x83]@&[0x81][0xde]3[0x95][0x1a]#Ug[0xb0][0xdf][0x2][0xf6][0x16][0x88]W[0x6][0x4][0x0][0x0][\r][\n]"
17:01:48.523 [main] DEBUG org.apache.http.headers -- http-outgoing-0 << HTTP/1.1 200 OK
17:01:48.524 [main] DEBUG org.apache.http.headers -- http-outgoing-0 << Date: Sun, 31 Dec 2023 20:01:48 GMT
17:01:48.524 [main] DEBUG org.apache.http.headers -- http-outgoing-0 << Content-Type: application/json; charset=utf-8
17:01:48.524 [main] DEBUG org.apache.http.headers -- http-outgoing-0 << Transfer-Encoding: chunked
17:01:48.524 [main] DEBUG org.apache.http.headers -- http-outgoing-0 << Connection: keep-alive
17:01:48.524 [main] DEBUG org.apache.http.headers -- http-outgoing-0 << Report-To: {"group":"heroku-nel","max_age":3600,"endpoints":[{"url":"https://nel.heroku.com/reports?ts=1703518201&sid=c4c9725f-1ab0-44d8-820f-430df2718e11&s=UbKDEaJWXDiaklPLoS9RH%2B0XnbL32%2FWZGk0TChd5%2Fjk%3D"}]}
17:01:48.524 [main] DEBUG org.apache.http.headers -- http-outgoing-0 << Reporting-Endpoints: heroku-nel=https://nel.heroku.com/reports?ts=1703518201&sid=c4c9725f-1ab0-44d8-820f-430df2718e11&s=UbKDEaJWXDiaklPLoS9RH%2B0XnbL32%2FWZGk0TChd5%2Fjk%3D
17:01:48.524 [main] DEBUG org.apache.http.headers -- http-outgoing-0 << Nel: {"report_to":"heroku-nel","max_age":3600,"success_fraction":0.005,"failure_fraction":0.05,"response_headers":["Via"]}
17:01:48.524 [main] DEBUG org.apache.http.headers -- http-outgoing-0 << X-Powered-By: Express
17:01:48.524 [main] DEBUG org.apache.http.headers -- http-outgoing-0 << Access-Control-Allow-Origin: *
17:01:48.525 [main] DEBUG org.apache.http.headers -- http-outgoing-0 << Etag: W/"406-ut0vzoCuidvyMf8arZpMpJ6ZRDw"
17:01:48.525 [main] DEBUG org.apache.http.headers -- http-outgoing-0 << Via: 1.1 vegur
17:01:48.525 [main] DEBUG org.apache.http.headers -- http-outgoing-0 << Cache-Control: max-age=14400
17:01:48.525 [main] DEBUG org.apache.http.headers -- http-outgoing-0 << CF-Cache-Status: HIT
17:01:48.525 [main] DEBUG org.apache.http.headers -- http-outgoing-0 << Age: 5370
17:01:48.525 [main] DEBUG org.apache.http.headers -- http-outgoing-0 << Vary: Accept-Encoding
17:01:48.525 [main] DEBUG org.apache.http.headers -- http-outgoing-0 << Server: cloudflare
17:01:48.525 [main] DEBUG org.apache.http.headers -- http-outgoing-0 << CF-RAY: 83e51dd4f8e91e98-EZE
17:01:48.525 [main] DEBUG org.apache.http.headers -- http-outgoing-0 << Content-Encoding: gzip
17:01:48.531 [main] DEBUG org.apache.http.impl.execchain.MainClientExec -- Connection can be kept alive indefinitely
17:01:48.535 [main] DEBUG org.apache.http.impl.conn.DefaultManagedHttpClientConnection -- http-outgoing-0: Close connection
17:01:48.537 [main] DEBUG org.apache.http.impl.execchain.MainClientExec -- Connection discarded
17:01:48.538 [main] DEBUG org.apache.http.impl.conn.PoolingHttpClientConnectionManager -- Connection released: [id: 0][route: {s}->https://reqres.in:443][total available: 0; route allocated: 0 of 5; total allocated: 0 of 10]
17:01:48.538 [main] DEBUG org.apache.http.impl.conn.PoolingHttpClientConnectionManager -- Connection manager is shutting down
17:01:48.539 [main] DEBUG org.apache.http.impl.conn.PoolingHttpClientConnectionManager -- Connection manager shut down
17:01:48.543 [main] DEBUG com.intuit.karate -- response time in milliseconds: 296
1 < 200
1 < Date: Sun, 31 Dec 2023 20:01:48 GMT
1 < Content-Type: application/json; charset=utf-8
1 < Transfer-Encoding: chunked
1 < Connection: keep-alive
1 < Report-To: {"group":"heroku-nel","max_age":3600,"endpoints":[{"url":"https://nel.heroku.com/reports?ts=1703518201&sid=c4c9725f-1ab0-44d8-820f-430df2718e11&s=UbKDEaJWXDiaklPLoS9RH%2B0XnbL32%2FWZGk0TChd5%2Fjk%3D"}]}
1 < Reporting-Endpoints: heroku-nel=https://nel.heroku.com/reports?ts=1703518201&sid=c4c9725f-1ab0-44d8-820f-430df2718e11&s=UbKDEaJWXDiaklPLoS9RH%2B0XnbL32%2FWZGk0TChd5%2Fjk%3D
1 < Nel: {"report_to":"heroku-nel","max_age":3600,"success_fraction":0.005,"failure_fraction":0.05,"response_headers":["Via"]}
1 < X-Powered-By: Express
1 < Access-Control-Allow-Origin: *
1 < Etag: W/"406-ut0vzoCuidvyMf8arZpMpJ6ZRDw"
1 < Via: 1.1 vegur
1 < Cache-Control: max-age=14400
1 < CF-Cache-Status: HIT
1 < Age: 5370
1 < Vary: Accept-Encoding
1 < Server: cloudflare
1 < CF-RAY: 83e51dd4f8e91e98-EZE
{"page":2,"per_page":6,"total":12,"total_pages":2,"data":[{"id":7,"email":"michael.lawson@reqres.in","first_name":"Michael","last_name":"Lawson","avatar":"https://reqres.in/img/faces/7-image.jpg"},{"id":8,"email":"lindsay.ferguson@reqres.in","first_name":"Lindsay","last_name":"Ferguson","avatar":"https://reqres.in/img/faces/8-image.jpg"},{"id":9,"email":"tobias.funke@reqres.in","first_name":"Tobias","last_name":"Funke","avatar":"https://reqres.in/img/faces/9-image.jpg"},{"id":10,"email":"byron.fields@reqres.in","first_name":"Byron","last_name":"Fields","avatar":"https://reqres.in/img/faces/10-image.jpg"},{"id":11,"email":"george.edwards@reqres.in","first_name":"George","last_name":"Edwards","avatar":"https://reqres.in/img/faces/11-image.jpg"},{"id":12,"email":"rachel.howell@reqres.in","first_name":"Rachel","last_name":"Howell","avatar":"https://reqres.in/img/faces/12-image.jpg"}],"support":{"url":"https://reqres.in/#support-heading","text":"To keep ReqRes free, contributions towards server costs are appreciated!"}}

]]></system-out>
  </testcase>
  <testcase name="[2:12] Agregar una mascota" classname="[Mascotas/ApiTest] Sample API test" time="0.953">
    <system-out><![CDATA[17:01:48.580 [main] DEBUG com.jayway.jsonpath.internal.path.CompiledPath -- Evaluating path: $
17:01:48.609 [main] DEBUG io.netty.util.internal.logging.InternalLoggerFactory -- Using SLF4J as the default logging framework
17:01:48.611 [main] DEBUG io.netty.util.internal.PlatformDependent0 -- -Dio.netty.noUnsafe: false
17:01:48.611 [main] DEBUG io.netty.util.internal.PlatformDependent0 -- Java version: 21
17:01:48.612 [main] DEBUG io.netty.util.internal.PlatformDependent0 -- sun.misc.Unsafe.theUnsafe: available
17:01:48.612 [main] DEBUG io.netty.util.internal.PlatformDependent0 -- sun.misc.Unsafe.copyMemory: available
17:01:48.613 [main] DEBUG io.netty.util.internal.PlatformDependent0 -- sun.misc.Unsafe.storeFence: available
17:01:48.613 [main] DEBUG io.netty.util.internal.PlatformDependent0 -- java.nio.Buffer.address: available
17:01:48.614 [main] DEBUG io.netty.util.internal.PlatformDependent0 -- direct buffer constructor: unavailable: Reflective setAccessible(true) disabled
17:01:48.614 [main] DEBUG io.netty.util.internal.PlatformDependent0 -- java.nio.Bits.unaligned: available, true
17:01:48.616 [main] DEBUG io.netty.util.internal.PlatformDependent0 -- jdk.internal.misc.Unsafe.allocateUninitializedArray(int): unavailable: class io.netty.util.internal.PlatformDependent0$7 cannot access class jdk.internal.misc.Unsafe (in module java.base) because module java.base does not export jdk.internal.misc to unnamed module @4b9e13df
17:01:48.617 [main] DEBUG io.netty.util.internal.PlatformDependent0 -- java.nio.DirectByteBuffer.<init>(long, {int,long}): unavailable
17:01:48.617 [main] DEBUG io.netty.util.internal.PlatformDependent -- sun.misc.Unsafe: available
17:01:48.619 [main] DEBUG io.netty.util.internal.PlatformDependent -- maxDirectMemory: 4278190080 bytes (maybe)
17:01:48.619 [main] DEBUG io.netty.util.internal.PlatformDependent -- -Dio.netty.tmpdir: C:\Users\Leandro\AppData\Local\Temp (java.io.tmpdir)
17:01:48.619 [main] DEBUG io.netty.util.internal.PlatformDependent -- -Dio.netty.bitMode: 64 (sun.arch.data.model)
17:01:48.619 [main] DEBUG io.netty.util.internal.PlatformDependent -- Platform: Windows
17:01:48.620 [main] DEBUG io.netty.util.internal.PlatformDependent -- -Dio.netty.maxDirectMemory: -1 bytes
17:01:48.620 [main] DEBUG io.netty.util.internal.PlatformDependent -- -Dio.netty.uninitializedArrayAllocationThreshold: -1
17:01:48.621 [main] DEBUG io.netty.util.internal.CleanerJava9 -- java.nio.ByteBuffer.cleaner(): available
17:01:48.621 [main] DEBUG io.netty.util.internal.PlatformDependent -- -Dio.netty.noPreferDirect: false
17:01:48.627 [main] DEBUG org.apache.http.client.protocol.RequestAddCookies -- CookieSpec selected: karate
17:01:48.627 [main] DEBUG org.apache.http.client.protocol.RequestAuthCache -- Auth cache not set in the context
17:01:48.627 [main] DEBUG com.intuit.karate -- request:
1 > POST https://petstore.swagger.io/v2/pet
1 > Content-Type: application/json; charset=UTF-8
1 > Content-Length: 80
1 > Host: petstore.swagger.io
1 > Connection: Keep-Alive
1 > User-Agent: Apache-HttpClient/4.5.14 (Java/21.0.1)
1 > Accept-Encoding: gzip,deflate
{"id":2015,"name":"Billy el gato","photoUrls":[],"tags":[],"status":"available"}

17:01:48.628 [main] DEBUG org.apache.http.impl.conn.PoolingHttpClientConnectionManager -- Connection request: [route: {s}->https://petstore.swagger.io:443][total available: 0; route allocated: 0 of 5; total allocated: 0 of 10]
17:01:48.628 [main] DEBUG org.apache.http.impl.conn.PoolingHttpClientConnectionManager -- Connection leased: [id: 1][route: {s}->https://petstore.swagger.io:443][total available: 0; route allocated: 1 of 5; total allocated: 1 of 10]
17:01:48.628 [main] DEBUG org.apache.http.impl.execchain.MainClientExec -- Opening connection {s}->https://petstore.swagger.io:443
17:01:48.815 [main] DEBUG org.apache.http.impl.conn.DefaultHttpClientConnectionOperator -- Connecting to petstore.swagger.io/3.229.84.198:443
17:01:48.815 [main] DEBUG org.apache.http.conn.ssl.SSLConnectionSocketFactory -- Connecting socket to petstore.swagger.io/3.229.84.198:443 with timeout 30000
17:01:48.982 [main] DEBUG org.apache.http.conn.ssl.SSLConnectionSocketFactory -- Enabled protocols: [TLSv1.3, TLSv1.2]
17:01:48.982 [main] DEBUG org.apache.http.conn.ssl.SSLConnectionSocketFactory -- Enabled cipher suites:[TLS_AES_256_GCM_SHA384, TLS_AES_128_GCM_SHA256, TLS_CHACHA20_POLY1305_SHA256, TLS_ECDHE_ECDSA_WITH_AES_256_GCM_SHA384, TLS_ECDHE_ECDSA_WITH_AES_128_GCM_SHA256, TLS_ECDHE_ECDSA_WITH_CHACHA20_POLY1305_SHA256, TLS_ECDHE_RSA_WITH_AES_256_GCM_SHA384, TLS_ECDHE_RSA_WITH_CHACHA20_POLY1305_SHA256, TLS_ECDHE_RSA_WITH_AES_128_GCM_SHA256, TLS_DHE_RSA_WITH_AES_256_GCM_SHA384, TLS_DHE_RSA_WITH_CHACHA20_POLY1305_SHA256, TLS_DHE_DSS_WITH_AES_256_GCM_SHA384, TLS_DHE_RSA_WITH_AES_128_GCM_SHA256, TLS_DHE_DSS_WITH_AES_128_GCM_SHA256, TLS_ECDHE_ECDSA_WITH_AES_256_CBC_SHA384, TLS_ECDHE_RSA_WITH_AES_256_CBC_SHA384, TLS_ECDHE_ECDSA_WITH_AES_128_CBC_SHA256, TLS_ECDHE_RSA_WITH_AES_128_CBC_SHA256, TLS_DHE_RSA_WITH_AES_256_CBC_SHA256, TLS_DHE_DSS_WITH_AES_256_CBC_SHA256, TLS_DHE_RSA_WITH_AES_128_CBC_SHA256, TLS_DHE_DSS_WITH_AES_128_CBC_SHA256, TLS_ECDHE_ECDSA_WITH_AES_256_CBC_SHA, TLS_ECDHE_RSA_WITH_AES_256_CBC_SHA, TLS_ECDHE_ECDSA_WITH_AES_128_CBC_SHA, TLS_ECDHE_RSA_WITH_AES_128_CBC_SHA, TLS_DHE_RSA_WITH_AES_256_CBC_SHA, TLS_DHE_DSS_WITH_AES_256_CBC_SHA, TLS_DHE_RSA_WITH_AES_128_CBC_SHA, TLS_DHE_DSS_WITH_AES_128_CBC_SHA, TLS_RSA_WITH_AES_256_GCM_SHA384, TLS_RSA_WITH_AES_128_GCM_SHA256, TLS_RSA_WITH_AES_256_CBC_SHA256, TLS_RSA_WITH_AES_128_CBC_SHA256, TLS_RSA_WITH_AES_256_CBC_SHA, TLS_RSA_WITH_AES_128_CBC_SHA, TLS_EMPTY_RENEGOTIATION_INFO_SCSV]
17:01:48.982 [main] DEBUG org.apache.http.conn.ssl.SSLConnectionSocketFactory -- Starting handshake
17:01:49.349 [main] DEBUG org.apache.http.conn.ssl.SSLConnectionSocketFactory -- Secure session established
17:01:49.349 [main] DEBUG org.apache.http.conn.ssl.SSLConnectionSocketFactory --  negotiated protocol: TLSv1.2
17:01:49.349 [main] DEBUG org.apache.http.conn.ssl.SSLConnectionSocketFactory --  negotiated cipher suite: TLS_ECDHE_RSA_WITH_AES_128_GCM_SHA256
17:01:49.349 [main] DEBUG org.apache.http.conn.ssl.SSLConnectionSocketFactory --  peer principal: CN=*.swagger.io
17:01:49.349 [main] DEBUG org.apache.http.conn.ssl.SSLConnectionSocketFactory --  peer alternative names: [*.swagger.io]
17:01:49.349 [main] DEBUG org.apache.http.conn.ssl.SSLConnectionSocketFactory --  issuer principal: CN=Amazon RSA 2048 M02, O=Amazon, C=US
17:01:49.349 [main] DEBUG org.apache.http.impl.conn.DefaultHttpClientConnectionOperator -- Connection established 192.168.0.90:60961<->3.229.84.198:443
17:01:49.350 [main] DEBUG org.apache.http.impl.conn.DefaultManagedHttpClientConnection -- http-outgoing-1: set socket timeout to 30000
17:01:49.350 [main] DEBUG org.apache.http.impl.execchain.MainClientExec -- Executing request POST /v2/pet HTTP/1.1
17:01:49.350 [main] DEBUG org.apache.http.impl.execchain.MainClientExec -- Target auth state: UNCHALLENGED
17:01:49.350 [main] DEBUG org.apache.http.impl.execchain.MainClientExec -- Proxy auth state: UNCHALLENGED
17:01:49.350 [main] DEBUG org.apache.http.headers -- http-outgoing-1 >> POST /v2/pet HTTP/1.1
17:01:49.350 [main] DEBUG org.apache.http.headers -- http-outgoing-1 >> Content-Type: application/json; charset=UTF-8
17:01:49.350 [main] DEBUG org.apache.http.headers -- http-outgoing-1 >> Content-Length: 80
17:01:49.350 [main] DEBUG org.apache.http.headers -- http-outgoing-1 >> Host: petstore.swagger.io
17:01:49.350 [main] DEBUG org.apache.http.headers -- http-outgoing-1 >> Connection: Keep-Alive
17:01:49.350 [main] DEBUG org.apache.http.headers -- http-outgoing-1 >> User-Agent: Apache-HttpClient/4.5.14 (Java/21.0.1)
17:01:49.350 [main] DEBUG org.apache.http.headers -- http-outgoing-1 >> Accept-Encoding: gzip,deflate
17:01:49.350 [main] DEBUG org.apache.http.wire -- http-outgoing-1 >> "POST /v2/pet HTTP/1.1[\r][\n]"
17:01:49.350 [main] DEBUG org.apache.http.wire -- http-outgoing-1 >> "Content-Type: application/json; charset=UTF-8[\r][\n]"
17:01:49.350 [main] DEBUG org.apache.http.wire -- http-outgoing-1 >> "Content-Length: 80[\r][\n]"
17:01:49.350 [main] DEBUG org.apache.http.wire -- http-outgoing-1 >> "Host: petstore.swagger.io[\r][\n]"
17:01:49.350 [main] DEBUG org.apache.http.wire -- http-outgoing-1 >> "Connection: Keep-Alive[\r][\n]"
17:01:49.350 [main] DEBUG org.apache.http.wire -- http-outgoing-1 >> "User-Agent: Apache-HttpClient/4.5.14 (Java/21.0.1)[\r][\n]"
17:01:49.350 [main] DEBUG org.apache.http.wire -- http-outgoing-1 >> "Accept-Encoding: gzip,deflate[\r][\n]"
17:01:49.350 [main] DEBUG org.apache.http.wire -- http-outgoing-1 >> "[\r][\n]"
17:01:49.350 [main] DEBUG org.apache.http.wire -- http-outgoing-1 >> "{"id":2015,"name":"Billy el gato","photoUrls":[],"tags":[],"status":"available"}"
17:01:49.519 [main] DEBUG org.apache.http.wire -- http-outgoing-1 << "HTTP/1.1 200 OK[\r][\n]"
17:01:49.519 [main] DEBUG org.apache.http.wire -- http-outgoing-1 << "Date: Sun, 31 Dec 2023 20:01:49 GMT[\r][\n]"
17:01:49.519 [main] DEBUG org.apache.http.wire -- http-outgoing-1 << "Content-Type: application/json[\r][\n]"
17:01:49.519 [main] DEBUG org.apache.http.wire -- http-outgoing-1 << "Transfer-Encoding: chunked[\r][\n]"
17:01:49.519 [main] DEBUG org.apache.http.wire -- http-outgoing-1 << "Connection: keep-alive[\r][\n]"
17:01:49.519 [main] DEBUG org.apache.http.wire -- http-outgoing-1 << "Access-Control-Allow-Origin: *[\r][\n]"
17:01:49.519 [main] DEBUG org.apache.http.wire -- http-outgoing-1 << "Access-Control-Allow-Methods: GET, POST, DELETE, PUT[\r][\n]"
17:01:49.519 [main] DEBUG org.apache.http.wire -- http-outgoing-1 << "Access-Control-Allow-Headers: Content-Type, api_key, Authorization[\r][\n]"
17:01:49.519 [main] DEBUG org.apache.http.wire -- http-outgoing-1 << "Server: Jetty(9.2.9.v20150224)[\r][\n]"
17:01:49.519 [main] DEBUG org.apache.http.wire -- http-outgoing-1 << "[\r][\n]"
17:01:49.520 [main] DEBUG org.apache.http.wire -- http-outgoing-1 << "50[\r][\n]"
17:01:49.520 [main] DEBUG org.apache.http.wire -- http-outgoing-1 << "{"id":2015,"name":"Billy el gato","photoUrls":[],"tags":[],"status":"available"}[\r][\n]"
17:01:49.520 [main] DEBUG org.apache.http.headers -- http-outgoing-1 << HTTP/1.1 200 OK
17:01:49.520 [main] DEBUG org.apache.http.headers -- http-outgoing-1 << Date: Sun, 31 Dec 2023 20:01:49 GMT
17:01:49.520 [main] DEBUG org.apache.http.headers -- http-outgoing-1 << Content-Type: application/json
17:01:49.520 [main] DEBUG org.apache.http.headers -- http-outgoing-1 << Transfer-Encoding: chunked
17:01:49.520 [main] DEBUG org.apache.http.headers -- http-outgoing-1 << Connection: keep-alive
17:01:49.520 [main] DEBUG org.apache.http.headers -- http-outgoing-1 << Access-Control-Allow-Origin: *
17:01:49.520 [main] DEBUG org.apache.http.headers -- http-outgoing-1 << Access-Control-Allow-Methods: GET, POST, DELETE, PUT
17:01:49.520 [main] DEBUG org.apache.http.headers -- http-outgoing-1 << Access-Control-Allow-Headers: Content-Type, api_key, Authorization
17:01:49.520 [main] DEBUG org.apache.http.headers -- http-outgoing-1 << Server: Jetty(9.2.9.v20150224)
17:01:49.520 [main] DEBUG org.apache.http.impl.execchain.MainClientExec -- Connection can be kept alive indefinitely
17:01:49.520 [main] DEBUG org.apache.http.wire -- http-outgoing-1 << "0[\r][\n]"
17:01:49.520 [main] DEBUG org.apache.http.wire -- http-outgoing-1 << "[\r][\n]"
17:01:49.520 [main] DEBUG org.apache.http.impl.conn.PoolingHttpClientConnectionManager -- Connection [id: 1][route: {s}->https://petstore.swagger.io:443] can be kept alive indefinitely
17:01:49.520 [main] DEBUG org.apache.http.impl.conn.DefaultManagedHttpClientConnection -- http-outgoing-1: set socket timeout to 0
17:01:49.520 [main] DEBUG org.apache.http.impl.conn.PoolingHttpClientConnectionManager -- Connection released: [id: 1][route: {s}->https://petstore.swagger.io:443][total available: 1; route allocated: 1 of 5; total allocated: 1 of 10]
17:01:49.520 [main] DEBUG org.apache.http.impl.conn.PoolingHttpClientConnectionManager -- Connection manager is shutting down
17:01:49.520 [main] DEBUG org.apache.http.impl.conn.DefaultManagedHttpClientConnection -- http-outgoing-1: Close connection
17:01:49.521 [main] DEBUG org.apache.http.impl.conn.PoolingHttpClientConnectionManager -- Connection manager shut down
17:01:49.521 [main] DEBUG com.intuit.karate -- response time in milliseconds: 892
1 < 200
1 < Date: Sun, 31 Dec 2023 20:01:49 GMT
1 < Content-Type: application/json
1 < Transfer-Encoding: chunked
1 < Connection: keep-alive
1 < Access-Control-Allow-Origin: *
1 < Access-Control-Allow-Methods: GET, POST, DELETE, PUT
1 < Access-Control-Allow-Headers: Content-Type, api_key, Authorization
1 < Server: Jetty(9.2.9.v20150224)
{"id":2015,"name":"Billy el gato","photoUrls":[],"tags":[],"status":"available"}

17:01:49.545 [main] INFO com.intuit.karate -- [print] {
  "id": 2015,
  "name": "Billy el gato",
  "photoUrls": [
  ],
  "tags": [
  ],
  "status": "available"
}
 
]]></system-out>
  </testcase>
  <testcase name="[3:20] Obtener una mascota existente" classname="[Mascotas/ApiTest] Sample API test" time="0.527">
    <system-out><![CDATA[17:01:49.554 [main] DEBUG com.jayway.jsonpath.internal.path.CompiledPath -- Evaluating path: $
17:01:49.566 [main] DEBUG org.apache.http.client.protocol.RequestAddCookies -- CookieSpec selected: karate
17:01:49.566 [main] DEBUG org.apache.http.client.protocol.RequestAuthCache -- Auth cache not set in the context
17:01:49.566 [main] DEBUG com.intuit.karate -- request:
1 > GET https://petstore.swagger.io/v2/pet/2015
1 > Host: petstore.swagger.io
1 > Connection: Keep-Alive
1 > User-Agent: Apache-HttpClient/4.5.14 (Java/21.0.1)
1 > Accept-Encoding: gzip,deflate


17:01:49.566 [main] DEBUG org.apache.http.impl.conn.PoolingHttpClientConnectionManager -- Connection request: [route: {s}->https://petstore.swagger.io:443][total available: 0; route allocated: 0 of 5; total allocated: 0 of 10]
17:01:49.566 [main] DEBUG org.apache.http.impl.conn.PoolingHttpClientConnectionManager -- Connection leased: [id: 2][route: {s}->https://petstore.swagger.io:443][total available: 0; route allocated: 1 of 5; total allocated: 1 of 10]
17:01:49.566 [main] DEBUG org.apache.http.impl.execchain.MainClientExec -- Opening connection {s}->https://petstore.swagger.io:443
17:01:49.566 [main] DEBUG org.apache.http.impl.conn.DefaultHttpClientConnectionOperator -- Connecting to petstore.swagger.io/3.229.84.198:443
17:01:49.566 [main] DEBUG org.apache.http.conn.ssl.SSLConnectionSocketFactory -- Connecting socket to petstore.swagger.io/3.229.84.198:443 with timeout 30000
17:01:49.732 [main] DEBUG org.apache.http.conn.ssl.SSLConnectionSocketFactory -- Enabled protocols: [TLSv1.3, TLSv1.2]
17:01:49.732 [main] DEBUG org.apache.http.conn.ssl.SSLConnectionSocketFactory -- Enabled cipher suites:[TLS_AES_256_GCM_SHA384, TLS_AES_128_GCM_SHA256, TLS_CHACHA20_POLY1305_SHA256, TLS_ECDHE_ECDSA_WITH_AES_256_GCM_SHA384, TLS_ECDHE_ECDSA_WITH_AES_128_GCM_SHA256, TLS_ECDHE_ECDSA_WITH_CHACHA20_POLY1305_SHA256, TLS_ECDHE_RSA_WITH_AES_256_GCM_SHA384, TLS_ECDHE_RSA_WITH_CHACHA20_POLY1305_SHA256, TLS_ECDHE_RSA_WITH_AES_128_GCM_SHA256, TLS_DHE_RSA_WITH_AES_256_GCM_SHA384, TLS_DHE_RSA_WITH_CHACHA20_POLY1305_SHA256, TLS_DHE_DSS_WITH_AES_256_GCM_SHA384, TLS_DHE_RSA_WITH_AES_128_GCM_SHA256, TLS_DHE_DSS_WITH_AES_128_GCM_SHA256, TLS_ECDHE_ECDSA_WITH_AES_256_CBC_SHA384, TLS_ECDHE_RSA_WITH_AES_256_CBC_SHA384, TLS_ECDHE_ECDSA_WITH_AES_128_CBC_SHA256, TLS_ECDHE_RSA_WITH_AES_128_CBC_SHA256, TLS_DHE_RSA_WITH_AES_256_CBC_SHA256, TLS_DHE_DSS_WITH_AES_256_CBC_SHA256, TLS_DHE_RSA_WITH_AES_128_CBC_SHA256, TLS_DHE_DSS_WITH_AES_128_CBC_SHA256, TLS_ECDHE_ECDSA_WITH_AES_256_CBC_SHA, TLS_ECDHE_RSA_WITH_AES_256_CBC_SHA, TLS_ECDHE_ECDSA_WITH_AES_128_CBC_SHA, TLS_ECDHE_RSA_WITH_AES_128_CBC_SHA, TLS_DHE_RSA_WITH_AES_256_CBC_SHA, TLS_DHE_DSS_WITH_AES_256_CBC_SHA, TLS_DHE_RSA_WITH_AES_128_CBC_SHA, TLS_DHE_DSS_WITH_AES_128_CBC_SHA, TLS_RSA_WITH_AES_256_GCM_SHA384, TLS_RSA_WITH_AES_128_GCM_SHA256, TLS_RSA_WITH_AES_256_CBC_SHA256, TLS_RSA_WITH_AES_128_CBC_SHA256, TLS_RSA_WITH_AES_256_CBC_SHA, TLS_RSA_WITH_AES_128_CBC_SHA, TLS_EMPTY_RENEGOTIATION_INFO_SCSV]
17:01:49.732 [main] DEBUG org.apache.http.conn.ssl.SSLConnectionSocketFactory -- Starting handshake
17:01:49.903 [main] DEBUG org.apache.http.conn.ssl.SSLConnectionSocketFactory -- Secure session established
17:01:49.903 [main] DEBUG org.apache.http.conn.ssl.SSLConnectionSocketFactory --  negotiated protocol: TLSv1.2
17:01:49.903 [main] DEBUG org.apache.http.conn.ssl.SSLConnectionSocketFactory --  negotiated cipher suite: TLS_ECDHE_RSA_WITH_AES_128_GCM_SHA256
17:01:49.903 [main] DEBUG org.apache.http.conn.ssl.SSLConnectionSocketFactory --  peer principal: CN=*.swagger.io
17:01:49.903 [main] DEBUG org.apache.http.conn.ssl.SSLConnectionSocketFactory --  peer alternative names: [*.swagger.io]
17:01:49.903 [main] DEBUG org.apache.http.conn.ssl.SSLConnectionSocketFactory --  issuer principal: CN=Amazon RSA 2048 M02, O=Amazon, C=US
17:01:49.904 [main] DEBUG org.apache.http.impl.conn.DefaultHttpClientConnectionOperator -- Connection established 192.168.0.90:60962<->3.229.84.198:443
17:01:49.904 [main] DEBUG org.apache.http.impl.conn.DefaultManagedHttpClientConnection -- http-outgoing-2: set socket timeout to 30000
17:01:49.904 [main] DEBUG org.apache.http.impl.execchain.MainClientExec -- Executing request GET /v2/pet/2015 HTTP/1.1
17:01:49.904 [main] DEBUG org.apache.http.impl.execchain.MainClientExec -- Target auth state: UNCHALLENGED
17:01:49.904 [main] DEBUG org.apache.http.impl.execchain.MainClientExec -- Proxy auth state: UNCHALLENGED
17:01:49.904 [main] DEBUG org.apache.http.headers -- http-outgoing-2 >> GET /v2/pet/2015 HTTP/1.1
17:01:49.904 [main] DEBUG org.apache.http.headers -- http-outgoing-2 >> Host: petstore.swagger.io
17:01:49.904 [main] DEBUG org.apache.http.headers -- http-outgoing-2 >> Connection: Keep-Alive
17:01:49.904 [main] DEBUG org.apache.http.headers -- http-outgoing-2 >> User-Agent: Apache-HttpClient/4.5.14 (Java/21.0.1)
17:01:49.904 [main] DEBUG org.apache.http.headers -- http-outgoing-2 >> Accept-Encoding: gzip,deflate
17:01:49.904 [main] DEBUG org.apache.http.wire -- http-outgoing-2 >> "GET /v2/pet/2015 HTTP/1.1[\r][\n]"
17:01:49.904 [main] DEBUG org.apache.http.wire -- http-outgoing-2 >> "Host: petstore.swagger.io[\r][\n]"
17:01:49.904 [main] DEBUG org.apache.http.wire -- http-outgoing-2 >> "Connection: Keep-Alive[\r][\n]"
17:01:49.904 [main] DEBUG org.apache.http.wire -- http-outgoing-2 >> "User-Agent: Apache-HttpClient/4.5.14 (Java/21.0.1)[\r][\n]"
17:01:49.904 [main] DEBUG org.apache.http.wire -- http-outgoing-2 >> "Accept-Encoding: gzip,deflate[\r][\n]"
17:01:49.904 [main] DEBUG org.apache.http.wire -- http-outgoing-2 >> "[\r][\n]"
17:01:50.071 [main] DEBUG org.apache.http.wire -- http-outgoing-2 << "HTTP/1.1 200 OK[\r][\n]"
17:01:50.071 [main] DEBUG org.apache.http.wire -- http-outgoing-2 << "Date: Sun, 31 Dec 2023 20:01:49 GMT[\r][\n]"
17:01:50.071 [main] DEBUG org.apache.http.wire -- http-outgoing-2 << "Content-Type: application/json[\r][\n]"
17:01:50.071 [main] DEBUG org.apache.http.wire -- http-outgoing-2 << "Transfer-Encoding: chunked[\r][\n]"
17:01:50.071 [main] DEBUG org.apache.http.wire -- http-outgoing-2 << "Connection: keep-alive[\r][\n]"
17:01:50.071 [main] DEBUG org.apache.http.wire -- http-outgoing-2 << "Access-Control-Allow-Origin: *[\r][\n]"
17:01:50.071 [main] DEBUG org.apache.http.wire -- http-outgoing-2 << "Access-Control-Allow-Methods: GET, POST, DELETE, PUT[\r][\n]"
17:01:50.071 [main] DEBUG org.apache.http.wire -- http-outgoing-2 << "Access-Control-Allow-Headers: Content-Type, api_key, Authorization[\r][\n]"
17:01:50.071 [main] DEBUG org.apache.http.wire -- http-outgoing-2 << "Server: Jetty(9.2.9.v20150224)[\r][\n]"
17:01:50.071 [main] DEBUG org.apache.http.wire -- http-outgoing-2 << "[\r][\n]"
17:01:50.071 [main] DEBUG org.apache.http.wire -- http-outgoing-2 << "50[\r][\n]"
17:01:50.071 [main] DEBUG org.apache.http.wire -- http-outgoing-2 << "{"id":2015,"name":"Billy el gato","photoUrls":[],"tags":[],"status":"available"}[\r][\n]"
17:01:50.071 [main] DEBUG org.apache.http.headers -- http-outgoing-2 << HTTP/1.1 200 OK
17:01:50.071 [main] DEBUG org.apache.http.headers -- http-outgoing-2 << Date: Sun, 31 Dec 2023 20:01:49 GMT
17:01:50.071 [main] DEBUG org.apache.http.headers -- http-outgoing-2 << Content-Type: application/json
17:01:50.071 [main] DEBUG org.apache.http.headers -- http-outgoing-2 << Transfer-Encoding: chunked
17:01:50.071 [main] DEBUG org.apache.http.headers -- http-outgoing-2 << Connection: keep-alive
17:01:50.071 [main] DEBUG org.apache.http.headers -- http-outgoing-2 << Access-Control-Allow-Origin: *
17:01:50.071 [main] DEBUG org.apache.http.headers -- http-outgoing-2 << Access-Control-Allow-Methods: GET, POST, DELETE, PUT
17:01:50.071 [main] DEBUG org.apache.http.headers -- http-outgoing-2 << Access-Control-Allow-Headers: Content-Type, api_key, Authorization
17:01:50.071 [main] DEBUG org.apache.http.headers -- http-outgoing-2 << Server: Jetty(9.2.9.v20150224)
17:01:50.072 [main] DEBUG org.apache.http.impl.execchain.MainClientExec -- Connection can be kept alive indefinitely
17:01:50.072 [main] DEBUG org.apache.http.wire -- http-outgoing-2 << "0[\r][\n]"
17:01:50.072 [main] DEBUG org.apache.http.wire -- http-outgoing-2 << "[\r][\n]"
17:01:50.072 [main] DEBUG org.apache.http.impl.conn.PoolingHttpClientConnectionManager -- Connection [id: 2][route: {s}->https://petstore.swagger.io:443] can be kept alive indefinitely
17:01:50.072 [main] DEBUG org.apache.http.impl.conn.DefaultManagedHttpClientConnection -- http-outgoing-2: set socket timeout to 0
17:01:50.072 [main] DEBUG org.apache.http.impl.conn.PoolingHttpClientConnectionManager -- Connection released: [id: 2][route: {s}->https://petstore.swagger.io:443][total available: 1; route allocated: 1 of 5; total allocated: 1 of 10]
17:01:50.072 [main] DEBUG org.apache.http.impl.conn.PoolingHttpClientConnectionManager -- Connection manager is shutting down
17:01:50.072 [main] DEBUG org.apache.http.impl.conn.DefaultManagedHttpClientConnection -- http-outgoing-2: Close connection
17:01:50.072 [main] DEBUG org.apache.http.impl.conn.PoolingHttpClientConnectionManager -- Connection manager shut down
17:01:50.072 [main] DEBUG com.intuit.karate -- response time in milliseconds: 506
1 < 200
1 < Date: Sun, 31 Dec 2023 20:01:49 GMT
1 < Content-Type: application/json
1 < Transfer-Encoding: chunked
1 < Connection: keep-alive
1 < Access-Control-Allow-Origin: *
1 < Access-Control-Allow-Methods: GET, POST, DELETE, PUT
1 < Access-Control-Allow-Headers: Content-Type, api_key, Authorization
1 < Server: Jetty(9.2.9.v20150224)
{"id":2015,"name":"Billy el gato","photoUrls":[],"tags":[],"status":"available"}

17:01:50.075 [main] INFO com.intuit.karate -- [print] 1 
17:01:50.076 [main] INFO com.intuit.karate -- [print] {
  "id": 2015,
  "name": "Billy el gato",
  "photoUrls": [
  ],
  "tags": [
  ],
  "status": "available"
}
 
]]></system-out>
  </testcase>
  <testcase name="[4:28] Modificar una mascota existente" classname="[Mascotas/ApiTest] Sample API test" time="0.51">
    <system-out><![CDATA[17:01:50.082 [main] DEBUG com.jayway.jsonpath.internal.path.CompiledPath -- Evaluating path: $
17:01:50.085 [main] DEBUG com.jayway.jsonpath.internal.path.CompiledPath -- Evaluating path: $['status']
17:01:50.085 [main] DEBUG com.jayway.jsonpath.internal.path.CompiledPath -- Evaluating path: $
17:01:50.085 [main] DEBUG com.jayway.jsonpath.internal.JsonContext -- Put path $ key status value sold
17:01:50.087 [main] DEBUG org.apache.http.client.protocol.RequestAddCookies -- CookieSpec selected: karate
17:01:50.087 [main] DEBUG org.apache.http.client.protocol.RequestAuthCache -- Auth cache not set in the context
17:01:50.087 [main] DEBUG com.intuit.karate -- request:
1 > PUT https://petstore.swagger.io/v2/pet
1 > Content-Type: application/json; charset=UTF-8
1 > Content-Length: 75
1 > Host: petstore.swagger.io
1 > Connection: Keep-Alive
1 > User-Agent: Apache-HttpClient/4.5.14 (Java/21.0.1)
1 > Accept-Encoding: gzip,deflate
{"id":2015,"name":"Billy el gato","photoUrls":[],"tags":[],"status":"sold"}

17:01:50.087 [main] DEBUG org.apache.http.impl.conn.PoolingHttpClientConnectionManager -- Connection request: [route: {s}->https://petstore.swagger.io:443][total available: 0; route allocated: 0 of 5; total allocated: 0 of 10]
17:01:50.087 [main] DEBUG org.apache.http.impl.conn.PoolingHttpClientConnectionManager -- Connection leased: [id: 3][route: {s}->https://petstore.swagger.io:443][total available: 0; route allocated: 1 of 5; total allocated: 1 of 10]
17:01:50.087 [main] DEBUG org.apache.http.impl.execchain.MainClientExec -- Opening connection {s}->https://petstore.swagger.io:443
17:01:50.087 [main] DEBUG org.apache.http.impl.conn.DefaultHttpClientConnectionOperator -- Connecting to petstore.swagger.io/3.229.84.198:443
17:01:50.087 [main] DEBUG org.apache.http.conn.ssl.SSLConnectionSocketFactory -- Connecting socket to petstore.swagger.io/3.229.84.198:443 with timeout 30000
17:01:50.249 [main] DEBUG org.apache.http.conn.ssl.SSLConnectionSocketFactory -- Enabled protocols: [TLSv1.3, TLSv1.2]
17:01:50.249 [main] DEBUG org.apache.http.conn.ssl.SSLConnectionSocketFactory -- Enabled cipher suites:[TLS_AES_256_GCM_SHA384, TLS_AES_128_GCM_SHA256, TLS_CHACHA20_POLY1305_SHA256, TLS_ECDHE_ECDSA_WITH_AES_256_GCM_SHA384, TLS_ECDHE_ECDSA_WITH_AES_128_GCM_SHA256, TLS_ECDHE_ECDSA_WITH_CHACHA20_POLY1305_SHA256, TLS_ECDHE_RSA_WITH_AES_256_GCM_SHA384, TLS_ECDHE_RSA_WITH_CHACHA20_POLY1305_SHA256, TLS_ECDHE_RSA_WITH_AES_128_GCM_SHA256, TLS_DHE_RSA_WITH_AES_256_GCM_SHA384, TLS_DHE_RSA_WITH_CHACHA20_POLY1305_SHA256, TLS_DHE_DSS_WITH_AES_256_GCM_SHA384, TLS_DHE_RSA_WITH_AES_128_GCM_SHA256, TLS_DHE_DSS_WITH_AES_128_GCM_SHA256, TLS_ECDHE_ECDSA_WITH_AES_256_CBC_SHA384, TLS_ECDHE_RSA_WITH_AES_256_CBC_SHA384, TLS_ECDHE_ECDSA_WITH_AES_128_CBC_SHA256, TLS_ECDHE_RSA_WITH_AES_128_CBC_SHA256, TLS_DHE_RSA_WITH_AES_256_CBC_SHA256, TLS_DHE_DSS_WITH_AES_256_CBC_SHA256, TLS_DHE_RSA_WITH_AES_128_CBC_SHA256, TLS_DHE_DSS_WITH_AES_128_CBC_SHA256, TLS_ECDHE_ECDSA_WITH_AES_256_CBC_SHA, TLS_ECDHE_RSA_WITH_AES_256_CBC_SHA, TLS_ECDHE_ECDSA_WITH_AES_128_CBC_SHA, TLS_ECDHE_RSA_WITH_AES_128_CBC_SHA, TLS_DHE_RSA_WITH_AES_256_CBC_SHA, TLS_DHE_DSS_WITH_AES_256_CBC_SHA, TLS_DHE_RSA_WITH_AES_128_CBC_SHA, TLS_DHE_DSS_WITH_AES_128_CBC_SHA, TLS_RSA_WITH_AES_256_GCM_SHA384, TLS_RSA_WITH_AES_128_GCM_SHA256, TLS_RSA_WITH_AES_256_CBC_SHA256, TLS_RSA_WITH_AES_128_CBC_SHA256, TLS_RSA_WITH_AES_256_CBC_SHA, TLS_RSA_WITH_AES_128_CBC_SHA, TLS_EMPTY_RENEGOTIATION_INFO_SCSV]
17:01:50.249 [main] DEBUG org.apache.http.conn.ssl.SSLConnectionSocketFactory -- Starting handshake
17:01:50.413 [main] DEBUG org.apache.http.conn.ssl.SSLConnectionSocketFactory -- Secure session established
17:01:50.413 [main] DEBUG org.apache.http.conn.ssl.SSLConnectionSocketFactory --  negotiated protocol: TLSv1.2
17:01:50.413 [main] DEBUG org.apache.http.conn.ssl.SSLConnectionSocketFactory --  negotiated cipher suite: TLS_ECDHE_RSA_WITH_AES_128_GCM_SHA256
17:01:50.413 [main] DEBUG org.apache.http.conn.ssl.SSLConnectionSocketFactory --  peer principal: CN=*.swagger.io
17:01:50.413 [main] DEBUG org.apache.http.conn.ssl.SSLConnectionSocketFactory --  peer alternative names: [*.swagger.io]
17:01:50.413 [main] DEBUG org.apache.http.conn.ssl.SSLConnectionSocketFactory --  issuer principal: CN=Amazon RSA 2048 M02, O=Amazon, C=US
17:01:50.414 [main] DEBUG org.apache.http.impl.conn.DefaultHttpClientConnectionOperator -- Connection established 192.168.0.90:60963<->3.229.84.198:443
17:01:50.414 [main] DEBUG org.apache.http.impl.conn.DefaultManagedHttpClientConnection -- http-outgoing-3: set socket timeout to 30000
17:01:50.414 [main] DEBUG org.apache.http.impl.execchain.MainClientExec -- Executing request PUT /v2/pet HTTP/1.1
17:01:50.414 [main] DEBUG org.apache.http.impl.execchain.MainClientExec -- Target auth state: UNCHALLENGED
17:01:50.414 [main] DEBUG org.apache.http.impl.execchain.MainClientExec -- Proxy auth state: UNCHALLENGED
17:01:50.414 [main] DEBUG org.apache.http.headers -- http-outgoing-3 >> PUT /v2/pet HTTP/1.1
17:01:50.414 [main] DEBUG org.apache.http.headers -- http-outgoing-3 >> Content-Type: application/json; charset=UTF-8
17:01:50.414 [main] DEBUG org.apache.http.headers -- http-outgoing-3 >> Content-Length: 75
17:01:50.414 [main] DEBUG org.apache.http.headers -- http-outgoing-3 >> Host: petstore.swagger.io
17:01:50.414 [main] DEBUG org.apache.http.headers -- http-outgoing-3 >> Connection: Keep-Alive
17:01:50.414 [main] DEBUG org.apache.http.headers -- http-outgoing-3 >> User-Agent: Apache-HttpClient/4.5.14 (Java/21.0.1)
17:01:50.414 [main] DEBUG org.apache.http.headers -- http-outgoing-3 >> Accept-Encoding: gzip,deflate
17:01:50.414 [main] DEBUG org.apache.http.wire -- http-outgoing-3 >> "PUT /v2/pet HTTP/1.1[\r][\n]"
17:01:50.414 [main] DEBUG org.apache.http.wire -- http-outgoing-3 >> "Content-Type: application/json; charset=UTF-8[\r][\n]"
17:01:50.414 [main] DEBUG org.apache.http.wire -- http-outgoing-3 >> "Content-Length: 75[\r][\n]"
17:01:50.414 [main] DEBUG org.apache.http.wire -- http-outgoing-3 >> "Host: petstore.swagger.io[\r][\n]"
17:01:50.414 [main] DEBUG org.apache.http.wire -- http-outgoing-3 >> "Connection: Keep-Alive[\r][\n]"
17:01:50.414 [main] DEBUG org.apache.http.wire -- http-outgoing-3 >> "User-Agent: Apache-HttpClient/4.5.14 (Java/21.0.1)[\r][\n]"
17:01:50.414 [main] DEBUG org.apache.http.wire -- http-outgoing-3 >> "Accept-Encoding: gzip,deflate[\r][\n]"
17:01:50.414 [main] DEBUG org.apache.http.wire -- http-outgoing-3 >> "[\r][\n]"
17:01:50.414 [main] DEBUG org.apache.http.wire -- http-outgoing-3 >> "{"id":2015,"name":"Billy el gato","photoUrls":[],"tags":[],"status":"sold"}"
17:01:50.585 [main] DEBUG org.apache.http.wire -- http-outgoing-3 << "HTTP/1.1 200 OK[\r][\n]"
17:01:50.585 [main] DEBUG org.apache.http.wire -- http-outgoing-3 << "Date: Sun, 31 Dec 2023 20:01:50 GMT[\r][\n]"
17:01:50.585 [main] DEBUG org.apache.http.wire -- http-outgoing-3 << "Content-Type: application/json[\r][\n]"
17:01:50.585 [main] DEBUG org.apache.http.wire -- http-outgoing-3 << "Transfer-Encoding: chunked[\r][\n]"
17:01:50.585 [main] DEBUG org.apache.http.wire -- http-outgoing-3 << "Connection: keep-alive[\r][\n]"
17:01:50.585 [main] DEBUG org.apache.http.wire -- http-outgoing-3 << "Access-Control-Allow-Origin: *[\r][\n]"
17:01:50.585 [main] DEBUG org.apache.http.wire -- http-outgoing-3 << "Access-Control-Allow-Methods: GET, POST, DELETE, PUT[\r][\n]"
17:01:50.585 [main] DEBUG org.apache.http.wire -- http-outgoing-3 << "Access-Control-Allow-Headers: Content-Type, api_key, Authorization[\r][\n]"
17:01:50.585 [main] DEBUG org.apache.http.wire -- http-outgoing-3 << "Server: Jetty(9.2.9.v20150224)[\r][\n]"
17:01:50.585 [main] DEBUG org.apache.http.wire -- http-outgoing-3 << "[\r][\n]"
17:01:50.585 [main] DEBUG org.apache.http.wire -- http-outgoing-3 << "4b[\r][\n]"
17:01:50.585 [main] DEBUG org.apache.http.wire -- http-outgoing-3 << "{"id":2015,"name":"Billy el gato","photoUrls":[],"tags":[],"status":"sold"}[\r][\n]"
17:01:50.585 [main] DEBUG org.apache.http.headers -- http-outgoing-3 << HTTP/1.1 200 OK
17:01:50.585 [main] DEBUG org.apache.http.headers -- http-outgoing-3 << Date: Sun, 31 Dec 2023 20:01:50 GMT
17:01:50.585 [main] DEBUG org.apache.http.headers -- http-outgoing-3 << Content-Type: application/json
17:01:50.585 [main] DEBUG org.apache.http.headers -- http-outgoing-3 << Transfer-Encoding: chunked
17:01:50.585 [main] DEBUG org.apache.http.headers -- http-outgoing-3 << Connection: keep-alive
17:01:50.585 [main] DEBUG org.apache.http.headers -- http-outgoing-3 << Access-Control-Allow-Origin: *
17:01:50.585 [main] DEBUG org.apache.http.headers -- http-outgoing-3 << Access-Control-Allow-Methods: GET, POST, DELETE, PUT
17:01:50.586 [main] DEBUG org.apache.http.headers -- http-outgoing-3 << Access-Control-Allow-Headers: Content-Type, api_key, Authorization
17:01:50.586 [main] DEBUG org.apache.http.headers -- http-outgoing-3 << Server: Jetty(9.2.9.v20150224)
17:01:50.586 [main] DEBUG org.apache.http.impl.execchain.MainClientExec -- Connection can be kept alive indefinitely
17:01:50.586 [main] DEBUG org.apache.http.wire -- http-outgoing-3 << "0[\r][\n]"
17:01:50.586 [main] DEBUG org.apache.http.wire -- http-outgoing-3 << "[\r][\n]"
17:01:50.586 [main] DEBUG org.apache.http.impl.conn.PoolingHttpClientConnectionManager -- Connection [id: 3][route: {s}->https://petstore.swagger.io:443] can be kept alive indefinitely
17:01:50.586 [main] DEBUG org.apache.http.impl.conn.DefaultManagedHttpClientConnection -- http-outgoing-3: set socket timeout to 0
17:01:50.586 [main] DEBUG org.apache.http.impl.conn.PoolingHttpClientConnectionManager -- Connection released: [id: 3][route: {s}->https://petstore.swagger.io:443][total available: 1; route allocated: 1 of 5; total allocated: 1 of 10]
17:01:50.586 [main] DEBUG org.apache.http.impl.conn.PoolingHttpClientConnectionManager -- Connection manager is shutting down
17:01:50.586 [main] DEBUG org.apache.http.impl.conn.DefaultManagedHttpClientConnection -- http-outgoing-3: Close connection
17:01:50.586 [main] DEBUG org.apache.http.impl.conn.PoolingHttpClientConnectionManager -- Connection manager shut down
17:01:50.586 [main] DEBUG com.intuit.karate -- response time in milliseconds: 499
1 < 200
1 < Date: Sun, 31 Dec 2023 20:01:50 GMT
1 < Content-Type: application/json
1 < Transfer-Encoding: chunked
1 < Connection: keep-alive
1 < Access-Control-Allow-Origin: *
1 < Access-Control-Allow-Methods: GET, POST, DELETE, PUT
1 < Access-Control-Allow-Headers: Content-Type, api_key, Authorization
1 < Server: Jetty(9.2.9.v20150224)
{"id":2015,"name":"Billy el gato","photoUrls":[],"tags":[],"status":"sold"}

17:01:50.589 [main] INFO com.intuit.karate -- [print] {
  "id": 2015,
  "name": "Billy el gato",
  "photoUrls": [
  ],
  "tags": [
  ],
  "status": "sold"
}
 
]]></system-out>
  </testcase>
</testsuite>